<?xml version="1.0" encoding="UTF-8"?>
<!-- Generated by org.testng.reporters.JUnitXMLReporter -->
<testsuite hostname="Avirajs-MacBook-Air.local" failures="1" tests="2" name="Test" time="135.963" errors="0" timestamp="26 Nov 2021 10:03:27 GMT">
  <testcase classname="testcasae.TC002_CheckData" name="loginTest" time="39.568"/>
  <testcase classname="testcasae.TC002_CheckData" name="porFolioPageTest" time="88.644">
    <failure type="java.lang.NullPointerException" message="Cannot invoke &amp;quot;Object.toString()&amp;quot; because the return value of &amp;quot;org.apache.poi.ss.usermodel.Row.getCell(int)&amp;quot; is null">
      <![CDATA[java.lang.NullPointerException: Cannot invoke "Object.toString()" because the return value of "org.apache.poi.ss.usermodel.Row.getCell(int)" is null
	at utils.ExcelLibraries.getDataUploadCol(ExcelLibraries.java:544)
	at pages.DataUploadpage.validateData(DataUploadpage.java:69)
	at testcasae.TC002_CheckData.porFolioPageTest(TC002_CheckData.java:65)
... Removed 24 stack frames]]>
    </failure>
  </testcase> <!-- porFolioPageTest -->
</testsuite> <!-- Test -->
