<?xml version="1.0" encoding="UTF-8"?>
<testng-results total="2" passed="1" failed="1" skipped="0">
  <reporter-output>
    <line>
      <![CDATA[Trying to find Element By : By.xpath: //button[@id='login-btn-lp']]]>
    </line>
    <line>
      <![CDATA[Found Element By : By.xpath: //button[@id='login-btn-lp']]]>
    </line>
    <line>
      <![CDATA[Trying to find Element By : By.xpath: //input[@name='username']]]>
    </line>
    <line>
      <![CDATA[Found Element By : By.xpath: //input[@name='username']]]>
    </line>
    <line>
      <![CDATA[Trying to find Element By : By.xpath: //input[@name='username']]]>
    </line>
    <line>
      <![CDATA[Found Element By : By.xpath: //input[@name='username']]]>
    </line>
    <line>
      <![CDATA[Trying to find Element By : By.xpath: //input[@id='pass-field']]]>
    </line>
    <line>
      <![CDATA[Found Element By : By.xpath: //input[@id='pass-field']]]>
    </line>
    <line>
      <![CDATA[Trying to find Element By : By.xpath: //input[@id='pass-field']]]>
    </line>
    <line>
      <![CDATA[Found Element By : By.xpath: //input[@id='pass-field']]]>
    </line>
    <line>
      <![CDATA[Trying to find Element By : By.xpath: //button[normalize-space()='Login']]]>
    </line>
    <line>
      <![CDATA[Found Element By : By.xpath: //button[normalize-space()='Login']]]>
    </line>
    <line>
      <![CDATA[Trying to find Element By : By.xpath: 	//div[@class='alert alert-danger']]]>
    </line>
    <line>
      <![CDATA[Found Element By : By.xpath: 	//div[@class='alert alert-danger']]]>
    </line>
    <line>
      <![CDATA[Trying to find Element By : By.xpath: 	//div[@class='alert alert-danger']]]>
    </line>
    <line>
      <![CDATA[Found Element By : By.xpath: 	//div[@class='alert alert-danger']]]>
    </line>
    <line>
      <![CDATA[Trying to find Element By : By.xpath: 	//div[@class='alert alert-danger']]]>
    </line>
    <line>
      <![CDATA[Found Element By : By.xpath: 	//div[@class='alert alert-danger']]]>
    </line>
    <line>
      <![CDATA[Trying to find Element By : By.xpath: 	//div[@class='alert alert-danger']]]>
    </line>
    <line>
      <![CDATA[Found Element By : By.xpath: 	//div[@class='alert alert-danger']]]>
    </line>
    <line>
      <![CDATA[Trying to find Element By : By.xpath: 	//div[@class='alert alert-danger']]]>
    </line>
    <line>
      <![CDATA[Found Element By : By.xpath: 	//div[@class='alert alert-danger']]]>
    </line>
    <line>
      <![CDATA[Trying to find Element By : By.xpath: 	//div[@class='alert alert-danger']]]>
    </line>
    <line>
      <![CDATA[Found Element By : By.xpath: 	//div[@class='alert alert-danger']]]>
    </line>
    <line>
      <![CDATA[Trying to find Element By : By.xpath: 	//div[@class='alert alert-danger']]]>
    </line>
    <line>
      <![CDATA[Found Element By : By.xpath: 	//div[@class='alert alert-danger']]]>
    </line>
    <line>
      <![CDATA[Trying to find Element By : By.xpath: 	//div[@class='alert alert-danger']]]>
    </line>
    <line>
      <![CDATA[Found Element By : By.xpath: 	//div[@class='alert alert-danger']]]>
    </line>
    <line>
      <![CDATA[Trying to find Element By : By.xpath: 	//div[@class='alert alert-danger']]]>
    </line>
    <line>
      <![CDATA[Found Element By : By.xpath: 	//div[@class='alert alert-danger']]]>
    </line>
    <line>
      <![CDATA[Trying to find Element By : By.xpath: 	//div[@class='alert alert-danger']]]>
    </line>
    <line>
      <![CDATA[Found Element By : By.xpath: 	//div[@class='alert alert-danger']]]>
    </line>
    <line>
      <![CDATA[Trying to find Element By : By.xpath: 	//div[@class='alert alert-danger']]]>
    </line>
    <line>
      <![CDATA[Found Element By : By.xpath: 	//div[@class='alert alert-danger']]]>
    </line>
    <line>
      <![CDATA[Trying to find Element By : By.xpath: 	//div[@class='alert alert-danger']]]>
    </line>
    <line>
      <![CDATA[Found Element By : By.xpath: 	//div[@class='alert alert-danger']]]>
    </line>
    <line>
      <![CDATA[Trying to find Element By : By.xpath: 	//div[@class='alert alert-danger']]]>
    </line>
    <line>
      <![CDATA[Found Element By : By.xpath: 	//div[@class='alert alert-danger']]]>
    </line>
    <line>
      <![CDATA[Trying to find Element By : By.xpath: 	//div[@class='alert alert-danger']]]>
    </line>
    <line>
      <![CDATA[Found Element By : By.xpath: 	//div[@class='alert alert-danger']]]>
    </line>
    <line>
      <![CDATA[Trying to find Element By : By.xpath: 	//div[@class='alert alert-danger']]]>
    </line>
    <line>
      <![CDATA[Found Element By : By.xpath: 	//div[@class='alert alert-danger']]]>
    </line>
    <line>
      <![CDATA[Trying to find Element By : By.xpath: 	//div[@class='alert alert-danger']]]>
    </line>
    <line>
      <![CDATA[Found Element By : By.xpath: 	//div[@class='alert alert-danger']]]>
    </line>
    <line>
      <![CDATA[Trying to find Element By : By.xpath: 	//div[@class='alert alert-danger']]]>
    </line>
    <line>
      <![CDATA[Found Element By : By.xpath: 	//div[@class='alert alert-danger']]]>
    </line>
    <line>
      <![CDATA[Trying to find Element By : By.xpath: 	//div[@class='alert alert-danger']]]>
    </line>
    <line>
      <![CDATA[Found Element By : By.xpath: 	//div[@class='alert alert-danger']]]>
    </line>
    <line>
      <![CDATA[Trying to find Element By : By.xpath: 	//div[@class='alert alert-danger']]]>
    </line>
    <line>
      <![CDATA[Found Element By : By.xpath: 	//div[@class='alert alert-danger']]]>
    </line>
    <line>
      <![CDATA[Trying to find Element By : By.xpath: 	//div[@class='alert alert-danger']]]>
    </line>
    <line>
      <![CDATA[Found Element By : By.xpath: 	//div[@class='alert alert-danger']]]>
    </line>
    <line>
      <![CDATA[Trying to find Element By : By.xpath: 	//div[@class='alert alert-danger']]]>
    </line>
    <line>
      <![CDATA[Found Element By : By.xpath: 	//div[@class='alert alert-danger']]]>
    </line>
    <line>
      <![CDATA[Trying to find Element By : By.xpath: 	//div[@class='alert alert-danger']]]>
    </line>
    <line>
      <![CDATA[Found Element By : By.xpath: 	//div[@class='alert alert-danger']]]>
    </line>
    <line>
      <![CDATA[Trying to find Element By : By.xpath: 	//div[@class='alert alert-danger']]]>
    </line>
    <line>
      <![CDATA[Found Element By : By.xpath: 	//div[@class='alert alert-danger']]]>
    </line>
    <line>
      <![CDATA[Trying to find Element By : By.xpath: 	//div[@class='alert alert-danger']]]>
    </line>
    <line>
      <![CDATA[Found Element By : By.xpath: 	//div[@class='alert alert-danger']]]>
    </line>
    <line>
      <![CDATA[Trying to find Element By : By.xpath: 	//div[@class='alert alert-danger']]]>
    </line>
    <line>
      <![CDATA[Found Element By : By.xpath: 	//div[@class='alert alert-danger']]]>
    </line>
    <line>
      <![CDATA[Trying to find Element By : By.xpath: 	//div[@class='alert alert-danger']]]>
    </line>
    <line>
      <![CDATA[Found Element By : By.xpath: 	//div[@class='alert alert-danger']]]>
    </line>
    <line>
      <![CDATA[Trying to find Element By : By.xpath: 	//div[@class='alert alert-danger']]]>
    </line>
    <line>
      <![CDATA[Found Element By : By.xpath: 	//div[@class='alert alert-danger']]]>
    </line>
    <line>
      <![CDATA[Trying to find Element By : By.xpath: 	//div[@class='alert alert-danger']]]>
    </line>
    <line>
      <![CDATA[Found Element By : By.xpath: 	//div[@class='alert alert-danger']]]>
    </line>
    <line>
      <![CDATA[Trying to find Element By : By.xpath: 	//div[@class='alert alert-danger']]]>
    </line>
    <line>
      <![CDATA[Found Element By : By.xpath: 	//div[@class='alert alert-danger']]]>
    </line>
    <line>
      <![CDATA[Trying to find Element By : By.xpath: 	//div[@class='alert alert-danger']]]>
    </line>
    <line>
      <![CDATA[Found Element By : By.xpath: 	//div[@class='alert alert-danger']]]>
    </line>
    <line>
      <![CDATA[Trying to find Element By : By.xpath: 	//div[@class='alert alert-danger']]]>
    </line>
    <line>
      <![CDATA[Found Element By : By.xpath: 	//div[@class='alert alert-danger']]]>
    </line>
    <line>
      <![CDATA[Trying to find Element By : By.xpath: 	//div[@class='alert alert-danger']]]>
    </line>
    <line>
      <![CDATA[Found Element By : By.xpath: 	//div[@class='alert alert-danger']]]>
    </line>
    <line>
      <![CDATA[Trying to find Element By : By.xpath: 	//div[@class='alert alert-danger']]]>
    </line>
    <line>
      <![CDATA[Found Element By : By.xpath: 	//div[@class='alert alert-danger']]]>
    </line>
    <line>
      <![CDATA[Trying to find Element By : By.xpath: 	//div[@class='alert alert-danger']]]>
    </line>
    <line>
      <![CDATA[Found Element By : By.xpath: 	//div[@class='alert alert-danger']]]>
    </line>
    <line>
      <![CDATA[Trying to find Element By : By.xpath: 	//div[@class='alert alert-danger']]]>
    </line>
    <line>
      <![CDATA[Found Element By : By.xpath: 	//div[@class='alert alert-danger']]]>
    </line>
    <line>
      <![CDATA[Trying to find Element By : By.xpath: 	//div[@class='alert alert-danger']]]>
    </line>
    <line>
      <![CDATA[Found Element By : By.xpath: 	//div[@class='alert alert-danger']]]>
    </line>
    <line>
      <![CDATA[Trying to find Element By : By.xpath: 	//div[@class='alert alert-danger']]]>
    </line>
    <line>
      <![CDATA[Found Element By : By.xpath: 	//div[@class='alert alert-danger']]]>
    </line>
    <line>
      <![CDATA[Trying to find Element By : By.xpath: 	//div[@class='alert alert-danger']]]>
    </line>
    <line>
      <![CDATA[Found Element By : By.xpath: 	//div[@class='alert alert-danger']]]>
    </line>
    <line>
      <![CDATA[Trying to find Element By : By.xpath: 	//div[@class='alert alert-danger']]]>
    </line>
    <line>
      <![CDATA[Found Element By : By.xpath: 	//div[@class='alert alert-danger']]]>
    </line>
    <line>
      <![CDATA[Trying to find Element By : By.xpath: 	//div[@class='alert alert-danger']]]>
    </line>
    <line>
      <![CDATA[Found Element By : By.xpath: 	//div[@class='alert alert-danger']]]>
    </line>
    <line>
      <![CDATA[Trying to find Element By : By.xpath: 	//div[@class='alert alert-danger']]]>
    </line>
    <line>
      <![CDATA[Found Element By : By.xpath: 	//div[@class='alert alert-danger']]]>
    </line>
    <line>
      <![CDATA[Trying to find Element By : By.xpath: 	//div[@class='alert alert-danger']]]>
    </line>
    <line>
      <![CDATA[Found Element By : By.xpath: 	//div[@class='alert alert-danger']]]>
    </line>
    <line>
      <![CDATA[Trying to find Element By : By.xpath: 	//div[@class='alert alert-danger']]]>
    </line>
    <line>
      <![CDATA[Found Element By : By.xpath: 	//div[@class='alert alert-danger']]]>
    </line>
    <line>
      <![CDATA[Trying to find Element By : By.xpath: 	//div[@class='alert alert-danger']]]>
    </line>
    <line>
      <![CDATA[Found Element By : By.xpath: 	//div[@class='alert alert-danger']]]>
    </line>
    <line>
      <![CDATA[Trying to find Element By : By.xpath: 	//div[@class='alert alert-danger']]]>
    </line>
    <line>
      <![CDATA[Found Element By : By.xpath: 	//div[@class='alert alert-danger']]]>
    </line>
    <line>
      <![CDATA[Trying to find Element By : By.xpath: 	//div[@class='alert alert-danger']]]>
    </line>
    <line>
      <![CDATA[Found Element By : By.xpath: 	//div[@class='alert alert-danger']]]>
    </line>
    <line>
      <![CDATA[Trying to find Element By : By.xpath: 	//div[@class='alert alert-danger']]]>
    </line>
    <line>
      <![CDATA[Found Element By : By.xpath: 	//div[@class='alert alert-danger']]]>
    </line>
    <line>
      <![CDATA[Trying to find Element By : By.xpath: 	//div[@class='alert alert-danger']]]>
    </line>
    <line>
      <![CDATA[Found Element By : By.xpath: 	//div[@class='alert alert-danger']]]>
    </line>
    <line>
      <![CDATA[Trying to find Element By : By.xpath: 	//div[@class='alert alert-danger']]]>
    </line>
    <line>
      <![CDATA[Found Element By : By.xpath: 	//div[@class='alert alert-danger']]]>
    </line>
    <line>
      <![CDATA[Trying to find Element By : By.xpath: 	//div[@class='alert alert-danger']]]>
    </line>
    <line>
      <![CDATA[Found Element By : By.xpath: 	//div[@class='alert alert-danger']]]>
    </line>
    <line>
      <![CDATA[Trying to find Element By : By.xpath: 	//div[@class='alert alert-danger']]]>
    </line>
    <line>
      <![CDATA[Found Element By : By.xpath: 	//div[@class='alert alert-danger']]]>
    </line>
    <line>
      <![CDATA[Trying to find Element By : By.xpath: 	//div[@class='alert alert-danger']]]>
    </line>
    <line>
      <![CDATA[Found Element By : By.xpath: 	//div[@class='alert alert-danger']]]>
    </line>
    <line>
      <![CDATA[Trying to find Element By : By.xpath: 	//div[@class='alert alert-danger']]]>
    </line>
    <line>
      <![CDATA[Found Element By : By.xpath: 	//div[@class='alert alert-danger']]]>
    </line>
    <line>
      <![CDATA[Trying to find Element By : By.xpath: 	//div[@class='alert alert-danger']]]>
    </line>
    <line>
      <![CDATA[Found Element By : By.xpath: 	//div[@class='alert alert-danger']]]>
    </line>
    <line>
      <![CDATA[Trying to find Element By : By.xpath: 	//div[@class='alert alert-danger']]]>
    </line>
    <line>
      <![CDATA[Found Element By : By.xpath: 	//div[@class='alert alert-danger']]]>
    </line>
    <line>
      <![CDATA[Trying to find Element By : By.xpath: 	//div[@class='alert alert-danger']]]>
    </line>
    <line>
      <![CDATA[Found Element By : By.xpath: 	//div[@class='alert alert-danger']]]>
    </line>
    <line>
      <![CDATA[Trying to find Element By : By.xpath: 	//div[@class='alert alert-danger']]]>
    </line>
    <line>
      <![CDATA[Found Element By : By.xpath: 	//div[@class='alert alert-danger']]]>
    </line>
    <line>
      <![CDATA[Trying to find Element By : By.xpath: 	//div[@class='alert alert-danger']]]>
    </line>
    <line>
      <![CDATA[Found Element By : By.xpath: 	//div[@class='alert alert-danger']]]>
    </line>
    <line>
      <![CDATA[Trying to find Element By : By.xpath: 	//div[@class='alert alert-danger']]]>
    </line>
    <line>
      <![CDATA[Found Element By : By.xpath: 	//div[@class='alert alert-danger']]]>
    </line>
    <line>
      <![CDATA[Trying to find Element By : By.xpath: 	//div[@class='alert alert-danger']]]>
    </line>
    <line>
      <![CDATA[Found Element By : By.xpath: 	//div[@class='alert alert-danger']]]>
    </line>
    <line>
      <![CDATA[Trying to find Element By : By.xpath: 	//div[@class='alert alert-danger']]]>
    </line>
    <line>
      <![CDATA[Found Element By : By.xpath: 	//div[@class='alert alert-danger']]]>
    </line>
    <line>
      <![CDATA[Trying to find Element By : By.xpath: 	//div[@class='alert alert-danger']]]>
    </line>
    <line>
      <![CDATA[Found Element By : By.xpath: 	//div[@class='alert alert-danger']]]>
    </line>
    <line>
      <![CDATA[Trying to find Element By : By.xpath: 	//div[@class='alert alert-danger']]]>
    </line>
    <line>
      <![CDATA[Found Element By : By.xpath: 	//div[@class='alert alert-danger']]]>
    </line>
    <line>
      <![CDATA[Trying to find Element By : By.xpath: 	//div[@class='alert alert-danger']]]>
    </line>
    <line>
      <![CDATA[Found Element By : By.xpath: 	//div[@class='alert alert-danger']]]>
    </line>
    <line>
      <![CDATA[Trying to find Element By : By.xpath: 	//div[@class='alert alert-danger']]]>
    </line>
    <line>
      <![CDATA[Found Element By : By.xpath: 	//div[@class='alert alert-danger']]]>
    </line>
    <line>
      <![CDATA[Trying to find Element By : By.xpath: 	//div[@class='alert alert-danger']]]>
    </line>
    <line>
      <![CDATA[Found Element By : By.xpath: 	//div[@class='alert alert-danger']]]>
    </line>
    <line>
      <![CDATA[Trying to find Element By : By.xpath: 	//div[@class='alert alert-danger']]]>
    </line>
    <line>
      <![CDATA[Found Element By : By.xpath: 	//div[@class='alert alert-danger']]]>
    </line>
    <line>
      <![CDATA[Trying to find Element By : By.xpath: 	//div[@class='alert alert-danger']]]>
    </line>
    <line>
      <![CDATA[Found Element By : By.xpath: 	//div[@class='alert alert-danger']]]>
    </line>
    <line>
      <![CDATA[Trying to find Element By : By.xpath: 	//div[@class='alert alert-danger']]]>
    </line>
    <line>
      <![CDATA[Found Element By : By.xpath: 	//div[@class='alert alert-danger']]]>
    </line>
    <line>
      <![CDATA[Trying to find Element By : By.xpath: 	//div[@class='alert alert-danger']]]>
    </line>
    <line>
      <![CDATA[Found Element By : By.xpath: 	//div[@class='alert alert-danger']]]>
    </line>
    <line>
      <![CDATA[Trying to find Element By : By.xpath: 	//div[@class='alert alert-danger']]]>
    </line>
    <line>
      <![CDATA[Found Element By : By.xpath: 	//div[@class='alert alert-danger']]]>
    </line>
    <line>
      <![CDATA[Trying to find Element By : By.xpath: 	//div[@class='alert alert-danger']]]>
    </line>
    <line>
      <![CDATA[Found Element By : By.xpath: 	//div[@class='alert alert-danger']]]>
    </line>
    <line>
      <![CDATA[Trying to find Element By : By.xpath: 	//div[@class='alert alert-danger']]]>
    </line>
    <line>
      <![CDATA[Found Element By : By.xpath: 	//div[@class='alert alert-danger']]]>
    </line>
    <line>
      <![CDATA[Trying to find Element By : By.xpath: 	//div[@class='alert alert-danger']]]>
    </line>
    <line>
      <![CDATA[Found Element By : By.xpath: 	//div[@class='alert alert-danger']]]>
    </line>
    <line>
      <![CDATA[Trying to find Element By : By.xpath: 	//div[@class='alert alert-danger']]]>
    </line>
    <line>
      <![CDATA[Found Element By : By.xpath: 	//div[@class='alert alert-danger']]]>
    </line>
    <line>
      <![CDATA[Trying to find Element By : By.xpath: 	//div[@class='alert alert-danger']]]>
    </line>
    <line>
      <![CDATA[Found Element By : By.xpath: 	//div[@class='alert alert-danger']]]>
    </line>
    <line>
      <![CDATA[Trying to find Element By : By.xpath: 	//div[@class='alert alert-danger']]]>
    </line>
    <line>
      <![CDATA[Found Element By : By.xpath: 	//div[@class='alert alert-danger']]]>
    </line>
    <line>
      <![CDATA[Trying to find Element By : By.xpath: 	//div[@class='alert alert-danger']]]>
    </line>
    <line>
      <![CDATA[Found Element By : By.xpath: 	//div[@class='alert alert-danger']]]>
    </line>
    <line>
      <![CDATA[Trying to find Element By : By.xpath: 	//div[@class='alert alert-danger']]]>
    </line>
    <line>
      <![CDATA[Found Element By : By.xpath: 	//div[@class='alert alert-danger']]]>
    </line>
    <line>
      <![CDATA[Trying to find Element By : By.xpath: 	//div[@class='alert alert-danger']]]>
    </line>
    <line>
      <![CDATA[Found Element By : By.xpath: 	//div[@class='alert alert-danger']]]>
    </line>
    <line>
      <![CDATA[Trying to find Element By : By.xpath: 	//div[@class='alert alert-danger']]]>
    </line>
    <line>
      <![CDATA[Found Element By : By.xpath: 	//div[@class='alert alert-danger']]]>
    </line>
    <line>
      <![CDATA[Trying to find Element By : By.xpath: 	//div[@class='alert alert-danger']]]>
    </line>
    <line>
      <![CDATA[Found Element By : By.xpath: 	//div[@class='alert alert-danger']]]>
    </line>
    <line>
      <![CDATA[Trying to find Element By : By.xpath: 	//div[@class='alert alert-danger']]]>
    </line>
    <line>
      <![CDATA[Found Element By : By.xpath: 	//div[@class='alert alert-danger']]]>
    </line>
    <line>
      <![CDATA[Trying to find Element By : By.xpath: 	//div[@class='alert alert-danger']]]>
    </line>
    <line>
      <![CDATA[Found Element By : By.xpath: 	//div[@class='alert alert-danger']]]>
    </line>
    <line>
      <![CDATA[Trying to find Element By : By.xpath: 	//div[@class='alert alert-danger']]]>
    </line>
    <line>
      <![CDATA[Found Element By : By.xpath: 	//div[@class='alert alert-danger']]]>
    </line>
    <line>
      <![CDATA[Trying to find Element By : By.xpath: 	//div[@class='alert alert-danger']]]>
    </line>
    <line>
      <![CDATA[Found Element By : By.xpath: 	//div[@class='alert alert-danger']]]>
    </line>
    <line>
      <![CDATA[Trying to find Element By : By.xpath: 	//div[@class='alert alert-danger']]]>
    </line>
    <line>
      <![CDATA[Found Element By : By.xpath: 	//div[@class='alert alert-danger']]]>
    </line>
    <line>
      <![CDATA[Trying to find Element By : By.xpath: 	//div[@class='alert alert-danger']]]>
    </line>
    <line>
      <![CDATA[Found Element By : By.xpath: 	//div[@class='alert alert-danger']]]>
    </line>
    <line>
      <![CDATA[Trying to find Element By : By.xpath: 	//div[@class='alert alert-danger']]]>
    </line>
    <line>
      <![CDATA[Found Element By : By.xpath: 	//div[@class='alert alert-danger']]]>
    </line>
    <line>
      <![CDATA[Trying to find Element By : By.xpath: 	//div[@class='alert alert-danger']]]>
    </line>
    <line>
      <![CDATA[Found Element By : By.xpath: 	//div[@class='alert alert-danger']]]>
    </line>
    <line>
      <![CDATA[Trying to find Element By : By.xpath: 	//div[@class='alert alert-danger']]]>
    </line>
    <line>
      <![CDATA[Found Element By : By.xpath: 	//div[@class='alert alert-danger']]]>
    </line>
    <line>
      <![CDATA[Trying to find Element By : By.xpath: 	//div[@class='alert alert-danger']]]>
    </line>
    <line>
      <![CDATA[Found Element By : By.xpath: 	//div[@class='alert alert-danger']]]>
    </line>
    <line>
      <![CDATA[Trying to find Element By : By.xpath: 	//div[@class='alert alert-danger']]]>
    </line>
    <line>
      <![CDATA[Found Element By : By.xpath: 	//div[@class='alert alert-danger']]]>
    </line>
    <line>
      <![CDATA[Trying to find Element By : By.xpath: 	//div[@class='alert alert-danger']]]>
    </line>
    <line>
      <![CDATA[Found Element By : By.xpath: 	//div[@class='alert alert-danger']]]>
    </line>
    <line>
      <![CDATA[Trying to find Element By : By.xpath: 	//div[@class='alert alert-danger']]]>
    </line>
    <line>
      <![CDATA[Found Element By : By.xpath: 	//div[@class='alert alert-danger']]]>
    </line>
    <line>
      <![CDATA[Trying to find Element By : By.xpath: 	//div[@class='alert alert-danger']]]>
    </line>
    <line>
      <![CDATA[Found Element By : By.xpath: 	//div[@class='alert alert-danger']]]>
    </line>
    <line>
      <![CDATA[Trying to find Element By : By.xpath: 	//div[@class='alert alert-danger']]]>
    </line>
    <line>
      <![CDATA[Found Element By : By.xpath: 	//div[@class='alert alert-danger']]]>
    </line>
    <line>
      <![CDATA[Trying to find Element By : By.xpath: 	//div[@class='alert alert-danger']]]>
    </line>
    <line>
      <![CDATA[Found Element By : By.xpath: 	//div[@class='alert alert-danger']]]>
    </line>
    <line>
      <![CDATA[Trying to find Element By : By.xpath: 	//div[@class='alert alert-danger']]]>
    </line>
    <line>
      <![CDATA[Found Element By : By.xpath: 	//div[@class='alert alert-danger']]]>
    </line>
    <line>
      <![CDATA[Trying to find Element By : By.xpath: 	//div[@class='alert alert-danger']]]>
    </line>
    <line>
      <![CDATA[Found Element By : By.xpath: 	//div[@class='alert alert-danger']]]>
    </line>
    <line>
      <![CDATA[Trying to find Element By : By.xpath: 	//div[@class='alert alert-danger']]]>
    </line>
    <line>
      <![CDATA[Found Element By : By.xpath: 	//div[@class='alert alert-danger']]]>
    </line>
    <line>
      <![CDATA[Trying to find Element By : By.xpath: 	//div[@class='alert alert-danger']]]>
    </line>
    <line>
      <![CDATA[Found Element By : By.xpath: 	//div[@class='alert alert-danger']]]>
    </line>
    <line>
      <![CDATA[Trying to find Element By : By.xpath: 	//div[@class='alert alert-danger']]]>
    </line>
    <line>
      <![CDATA[Found Element By : By.xpath: 	//div[@class='alert alert-danger']]]>
    </line>
    <line>
      <![CDATA[Trying to find Element By : By.xpath: 	//div[@class='alert alert-danger']]]>
    </line>
    <line>
      <![CDATA[Found Element By : By.xpath: 	//div[@class='alert alert-danger']]]>
    </line>
    <line>
      <![CDATA[Trying to find Element By : By.xpath: 	//div[@class='alert alert-danger']]]>
    </line>
    <line>
      <![CDATA[Found Element By : By.xpath: 	//div[@class='alert alert-danger']]]>
    </line>
    <line>
      <![CDATA[Trying to find Element By : By.xpath: 	//div[@class='alert alert-danger']]]>
    </line>
    <line>
      <![CDATA[Found Element By : By.xpath: 	//div[@class='alert alert-danger']]]>
    </line>
    <line>
      <![CDATA[Trying to find Element By : By.xpath: 	//div[@class='alert alert-danger']]]>
    </line>
    <line>
      <![CDATA[Found Element By : By.xpath: 	//div[@class='alert alert-danger']]]>
    </line>
    <line>
      <![CDATA[Trying to find Element By : By.xpath: 	//div[@class='alert alert-danger']]]>
    </line>
    <line>
      <![CDATA[Found Element By : By.xpath: 	//div[@class='alert alert-danger']]]>
    </line>
    <line>
      <![CDATA[Trying to find Element By : By.xpath: 	//div[@class='alert alert-danger']]]>
    </line>
    <line>
      <![CDATA[Found Element By : By.xpath: 	//div[@class='alert alert-danger']]]>
    </line>
    <line>
      <![CDATA[Trying to find Element By : By.xpath: 	//div[@class='alert alert-danger']]]>
    </line>
    <line>
      <![CDATA[Found Element By : By.xpath: 	//div[@class='alert alert-danger']]]>
    </line>
    <line>
      <![CDATA[Trying to find Element By : By.xpath: 	//div[@class='alert alert-danger']]]>
    </line>
    <line>
      <![CDATA[Found Element By : By.xpath: 	//div[@class='alert alert-danger']]]>
    </line>
    <line>
      <![CDATA[Trying to find Element By : By.xpath: 	//div[@class='alert alert-danger']]]>
    </line>
    <line>
      <![CDATA[Found Element By : By.xpath: 	//div[@class='alert alert-danger']]]>
    </line>
    <line>
      <![CDATA[Trying to find Element By : By.xpath: 	//div[@class='alert alert-danger']]]>
    </line>
    <line>
      <![CDATA[Found Element By : By.xpath: 	//div[@class='alert alert-danger']]]>
    </line>
    <line>
      <![CDATA[Trying to find Element By : By.xpath: 	//div[@class='alert alert-danger']]]>
    </line>
    <line>
      <![CDATA[Found Element By : By.xpath: 	//div[@class='alert alert-danger']]]>
    </line>
    <line>
      <![CDATA[Trying to find Element By : By.xpath: 	//div[@class='alert alert-danger']]]>
    </line>
    <line>
      <![CDATA[Found Element By : By.xpath: 	//div[@class='alert alert-danger']]]>
    </line>
    <line>
      <![CDATA[Trying to find Element By : By.xpath: 	//div[@class='alert alert-danger']]]>
    </line>
    <line>
      <![CDATA[Found Element By : By.xpath: 	//div[@class='alert alert-danger']]]>
    </line>
    <line>
      <![CDATA[Trying to find Element By : By.xpath: 	//div[@class='alert alert-danger']]]>
    </line>
    <line>
      <![CDATA[Found Element By : By.xpath: 	//div[@class='alert alert-danger']]]>
    </line>
    <line>
      <![CDATA[Trying to find Element By : By.xpath: 	//div[@class='alert alert-danger']]]>
    </line>
    <line>
      <![CDATA[Found Element By : By.xpath: 	//div[@class='alert alert-danger']]]>
    </line>
    <line>
      <![CDATA[Trying to find Element By : By.xpath: 	//div[@class='alert alert-danger']]]>
    </line>
    <line>
      <![CDATA[Found Element By : By.xpath: 	//div[@class='alert alert-danger']]]>
    </line>
    <line>
      <![CDATA[Trying to find Element By : By.xpath: 	//div[@class='alert alert-danger']]]>
    </line>
    <line>
      <![CDATA[Found Element By : By.xpath: 	//div[@class='alert alert-danger']]]>
    </line>
    <line>
      <![CDATA[Trying to find Element By : By.xpath: 	//div[@class='alert alert-danger']]]>
    </line>
    <line>
      <![CDATA[Found Element By : By.xpath: 	//div[@class='alert alert-danger']]]>
    </line>
    <line>
      <![CDATA[Trying to find Element By : By.xpath: 	//div[@class='alert alert-danger']]]>
    </line>
    <line>
      <![CDATA[Found Element By : By.xpath: 	//div[@class='alert alert-danger']]]>
    </line>
    <line>
      <![CDATA[Trying to find Element By : By.xpath: 	//div[@class='alert alert-danger']]]>
    </line>
    <line>
      <![CDATA[Found Element By : By.xpath: 	//div[@class='alert alert-danger']]]>
    </line>
    <line>
      <![CDATA[Trying to find Element By : By.xpath: 	//div[@class='alert alert-danger']]]>
    </line>
    <line>
      <![CDATA[Found Element By : By.xpath: 	//div[@class='alert alert-danger']]]>
    </line>
    <line>
      <![CDATA[Trying to find Element By : By.xpath: 	//div[@class='alert alert-danger']]]>
    </line>
    <line>
      <![CDATA[Found Element By : By.xpath: 	//div[@class='alert alert-danger']]]>
    </line>
    <line>
      <![CDATA[Trying to find Element By : By.xpath: 	//div[@class='alert alert-danger']]]>
    </line>
    <line>
      <![CDATA[Found Element By : By.xpath: 	//div[@class='alert alert-danger']]]>
    </line>
    <line>
      <![CDATA[Trying to find Element By : By.xpath: 	//div[@class='alert alert-danger']]]>
    </line>
    <line>
      <![CDATA[Found Element By : By.xpath: 	//div[@class='alert alert-danger']]]>
    </line>
    <line>
      <![CDATA[Trying to find Element By : By.xpath: 	//div[@class='alert alert-danger']]]>
    </line>
    <line>
      <![CDATA[Found Element By : By.xpath: 	//div[@class='alert alert-danger']]]>
    </line>
    <line>
      <![CDATA[Trying to find Element By : By.xpath: 	//div[@class='alert alert-danger']]]>
    </line>
    <line>
      <![CDATA[Found Element By : By.xpath: 	//div[@class='alert alert-danger']]]>
    </line>
    <line>
      <![CDATA[Trying to find Element By : By.xpath: 	//div[@class='alert alert-danger']]]>
    </line>
    <line>
      <![CDATA[Found Element By : By.xpath: 	//div[@class='alert alert-danger']]]>
    </line>
    <line>
      <![CDATA[Trying to find Element By : By.xpath: 	//div[@class='alert alert-danger']]]>
    </line>
    <line>
      <![CDATA[Found Element By : By.xpath: 	//div[@class='alert alert-danger']]]>
    </line>
    <line>
      <![CDATA[Trying to find Element By : By.xpath: 	//div[@class='alert alert-danger']]]>
    </line>
    <line>
      <![CDATA[Found Element By : By.xpath: 	//div[@class='alert alert-danger']]]>
    </line>
    <line>
      <![CDATA[Trying to find Element By : By.xpath: 	//div[@class='alert alert-danger']]]>
    </line>
    <line>
      <![CDATA[Found Element By : By.xpath: 	//div[@class='alert alert-danger']]]>
    </line>
    <line>
      <![CDATA[Trying to find Element By : By.xpath: 	//div[@class='alert alert-danger']]]>
    </line>
    <line>
      <![CDATA[Found Element By : By.xpath: 	//div[@class='alert alert-danger']]]>
    </line>
    <line>
      <![CDATA[Trying to find Element By : By.xpath: 	//div[@class='alert alert-danger']]]>
    </line>
    <line>
      <![CDATA[Found Element By : By.xpath: 	//div[@class='alert alert-danger']]]>
    </line>
    <line>
      <![CDATA[Trying to find Element By : By.xpath: 	//div[@class='alert alert-danger']]]>
    </line>
    <line>
      <![CDATA[Found Element By : By.xpath: 	//div[@class='alert alert-danger']]]>
    </line>
    <line>
      <![CDATA[Trying to find Element By : By.xpath: 	//div[@class='alert alert-danger']]]>
    </line>
    <line>
      <![CDATA[Found Element By : By.xpath: 	//div[@class='alert alert-danger']]]>
    </line>
    <line>
      <![CDATA[Trying to find Element By : By.xpath: 	//div[@class='alert alert-danger']]]>
    </line>
    <line>
      <![CDATA[Found Element By : By.xpath: 	//div[@class='alert alert-danger']]]>
    </line>
    <line>
      <![CDATA[Trying to find Element By : By.xpath: 	//div[@class='alert alert-danger']]]>
    </line>
    <line>
      <![CDATA[Found Element By : By.xpath: 	//div[@class='alert alert-danger']]]>
    </line>
    <line>
      <![CDATA[Trying to find Element By : By.xpath: 	//div[@class='alert alert-danger']]]>
    </line>
    <line>
      <![CDATA[Found Element By : By.xpath: 	//div[@class='alert alert-danger']]]>
    </line>
    <line>
      <![CDATA[Trying to find Element By : By.xpath: 	//div[@class='alert alert-danger']]]>
    </line>
    <line>
      <![CDATA[Found Element By : By.xpath: 	//div[@class='alert alert-danger']]]>
    </line>
    <line>
      <![CDATA[Trying to find Element By : By.xpath: 	//div[@class='alert alert-danger']]]>
    </line>
    <line>
      <![CDATA[Found Element By : By.xpath: 	//div[@class='alert alert-danger']]]>
    </line>
    <line>
      <![CDATA[Trying to find Element By : By.xpath: 	//div[@class='alert alert-danger']]]>
    </line>
    <line>
      <![CDATA[Found Element By : By.xpath: 	//div[@class='alert alert-danger']]]>
    </line>
    <line>
      <![CDATA[Trying to find Element By : By.xpath: 	//div[@class='alert alert-danger']]]>
    </line>
    <line>
      <![CDATA[Found Element By : By.xpath: 	//div[@class='alert alert-danger']]]>
    </line>
    <line>
      <![CDATA[Trying to find Element By : By.xpath: 	//div[@class='alert alert-danger']]]>
    </line>
    <line>
      <![CDATA[Found Element By : By.xpath: 	//div[@class='alert alert-danger']]]>
    </line>
    <line>
      <![CDATA[Before navigating to: 'https://yopmail.com']]>
    </line>
    <line>
      <![CDATA[Navigated to:'https://yopmail.com']]>
    </line>
    <line>
      <![CDATA[Trying to find Element By : By.xpath: 	//input[@id='login']]]>
    </line>
    <line>
      <![CDATA[Found Element By : By.xpath: 	//input[@id='login']]]>
    </line>
    <line>
      <![CDATA[Trying to find Element By : By.xpath: //body//div[@class='mctn']//div]]>
    </line>
    <line>
      <![CDATA[Found Element By : By.xpath: //body//div[@class='mctn']//div]]>
    </line>
    <line>
      <![CDATA[Trying to find Element By : By.cssSelector: span[class='ellipsis']]]>
    </line>
    <line>
      <![CDATA[Found Element By : By.cssSelector: span[class='ellipsis']]]>
    </line>
    <line>
      <![CDATA[Trying to find Element By : By.xpath: //body//div[@class='mctn']//div]]>
    </line>
    <line>
      <![CDATA[Found Element By : By.xpath: //body//div[@class='mctn']//div]]>
    </line>
    <line>
      <![CDATA[Trying to find Element By : By.cssSelector: tbody tr td div p]]>
    </line>
    <line>
      <![CDATA[Found Element By : By.cssSelector: tbody tr td div p]]>
    </line>
    <line>
      <![CDATA[Trying to find Element By : By.xpath: //input[@id='pass-field']]]>
    </line>
    <line>
      <![CDATA[Found Element By : By.xpath: //input[@id='pass-field']]]>
    </line>
    <line>
      <![CDATA[Trying to find Element By : By.cssSelector: #login-btn-lp[type='submit']]]>
    </line>
    <line>
      <![CDATA[Found Element By : By.cssSelector: #login-btn-lp[type='submit']]]>
    </line>
    <line>
      <![CDATA[Trying to find Element By : By.xpath: //span[@class='capitalize mv-short']]]>
    </line>
    <line>
      <![CDATA[Found Element By : By.xpath: //span[@class='capitalize mv-short']]]>
    </line>
    <line>
      <![CDATA[Trying to find Element By : By.xpath: //table[@class='capitalize admin_portfolio_table table']//tbody//tr[1]//td[1]//a]]>
    </line>
    <line>
      <![CDATA[Found Element By : By.xpath: //table[@class='capitalize admin_portfolio_table table']//tbody//tr[1]//td[1]//a]]>
    </line>
    <line>
      <![CDATA[Trying to find Element By : By.xpath: //table[@class='capitalize admin_portfolio_table table']//tbody//tr[1]//td[1]//a]]>
    </line>
    <line>
      <![CDATA[Found Element By : By.xpath: //table[@class='capitalize admin_portfolio_table table']//tbody//tr[1]//td[1]//a]]>
    </line>
    <line>
      <![CDATA[Trying to find Element By : By.xpath: //body/div[@id='root']/div[1]/div[2]/main[1]/div[1]/div[1]/div[5]/div[1]/div[1]/div[1]/div[1]]]>
    </line>
    <line>
      <![CDATA[Found Element By : By.xpath: //body/div[@id='root']/div[1]/div[2]/main[1]/div[1]/div[1]/div[5]/div[1]/div[1]/div[1]/div[1]]]>
    </line>
    <line>
      <![CDATA[Trying to find Element By : By.xpath: //body/div[@id='root']/div[1]/div[2]/main[1]/div[1]/div[1]/div[4]/div[1]/div[1]/div[1]/div[1]/div[1]/span[1]/div[1]/div[3]/div[1]/select[1]]]>
    </line>
    <line>
      <![CDATA[Found Element By : By.xpath: //body/div[@id='root']/div[1]/div[2]/main[1]/div[1]/div[1]/div[4]/div[1]/div[1]/div[1]/div[1]/div[1]/span[1]/div[1]/div[3]/div[1]/select[1]]]>
    </line>
    <line>
      <![CDATA[Trying to find Element By : By.xpath: //body/div[@id='root']/div[1]/div[2]/main[1]/div[1]/div[1]/div[4]/div[1]/div[1]/div[1]/div[1]/div[1]/span[1]/div[1]/div[3]/div[1]/select[1]]]>
    </line>
    <line>
      <![CDATA[Found Element By : By.xpath: //body/div[@id='root']/div[1]/div[2]/main[1]/div[1]/div[1]/div[4]/div[1]/div[1]/div[1]/div[1]/div[1]/span[1]/div[1]/div[3]/div[1]/select[1]]]>
    </line>
    <line>
      <![CDATA[Trying to find Element By : By.xpath: //body/div[@id='root']/div[1]/div[2]/main[1]/div[1]/div[1]/div[4]/div[1]/div[1]/div[1]/div[1]/div[1]/span[1]/div[1]/div[3]/div[1]/select[1]]]>
    </line>
    <line>
      <![CDATA[Found Element By : By.xpath: //body/div[@id='root']/div[1]/div[2]/main[1]/div[1]/div[1]/div[4]/div[1]/div[1]/div[1]/div[1]/div[1]/span[1]/div[1]/div[3]/div[1]/select[1]]]>
    </line>
    <line>
      <![CDATA[Trying to find Element By : By.tagName: option]]>
    </line>
    <line>
      <![CDATA[Found Element By : By.tagName: option]]>
    </line>
    <line>
      <![CDATA[Trying to click on: [[[[ChromeDriver: chrome on MAC (0c70a6eff1d49cc79e223e69fc49f4a3)] -> xpath: //body/div[@id='root']/div[1]/div[2]/main[1]/div[1]/div[1]/div[4]/div[1]/div[1]/div[1]/div[1]/div[1]/span[1]/div[1]/div[3]/div[1]/select[1]]] -> tag name: option]]]>
    </line>
    <line>
      <![CDATA[Clicked on: [[[[ChromeDriver: chrome on MAC (0c70a6eff1d49cc79e223e69fc49f4a3)] -> xpath: //body/div[@id='root']/div[1]/div[2]/main[1]/div[1]/div[1]/div[4]/div[1]/div[1]/div[1]/div[1]/div[1]/span[1]/div[1]/div[3]/div[1]/select[1]]] -> tag name: option]]]>
    </line>
    <line>
      <![CDATA[Trying to find Element By : By.xpath: //input[@id='searchKeyword']]]>
    </line>
    <line>
      <![CDATA[Found Element By : By.xpath: //input[@id='searchKeyword']]]>
    </line>
    <line>
      <![CDATA[Trying to find Element By : By.xpath: //span[contains(text(),'Test_Loan_11')]]]>
    </line>
    <line>
      <![CDATA[Found Element By : By.xpath: //span[contains(text(),'Test_Loan_11')]]]>
    </line>
    <line>
      <![CDATA[Trying to find Element By : By.xpath: //div[@class='tab-pane active']//div//div//div//div//table//tbody//tr]]>
    </line>
    <line>
      <![CDATA[Found Element By : By.xpath: //div[@class='tab-pane active']//div//div//div//div//table//tbody//tr]]>
    </line>
    <line>
      <![CDATA[Trying to find Element By : By.xpath: //div[@class='tab-pane active']//div//div//div//div//table//tbody//tr//th]]>
    </line>
    <line>
      <![CDATA[Found Element By : By.xpath: //div[@class='tab-pane active']//div//div//div//div//table//tbody//tr//th]]>
    </line>
    <line>
      <![CDATA[Trying to find Element By : By.xpath: //div[@class='tab-pane active']//div//div//div//div//table//tbody//tr//th]]>
    </line>
    <line>
      <![CDATA[Found Element By : By.xpath: //div[@class='tab-pane active']//div//div//div//div//table//tbody//tr//th]]>
    </line>
    <line>
      <![CDATA[Trying to find Element By : By.xpath: //div[@class='tab-pane active']//div//div//div//div//table//tbody//tr//th]]>
    </line>
    <line>
      <![CDATA[Found Element By : By.xpath: //div[@class='tab-pane active']//div//div//div//div//table//tbody//tr//th]]>
    </line>
    <line>
      <![CDATA[Trying to find Element By : By.xpath: //div[@class='tab-pane active']//div//div//div//div//table//tbody//tr//th]]>
    </line>
    <line>
      <![CDATA[Found Element By : By.xpath: //div[@class='tab-pane active']//div//div//div//div//table//tbody//tr//th]]>
    </line>
    <line>
      <![CDATA[Trying to find Element By : By.xpath: //div[@class='tab-pane active']//div//div//div//div//table//tbody//tr//td]]>
    </line>
    <line>
      <![CDATA[Found Element By : By.xpath: //div[@class='tab-pane active']//div//div//div//div//table//tbody//tr//td]]>
    </line>
    <line>
      <![CDATA[Trying to find Element By : By.xpath: //div[@class='tab-pane active']//div//div//div//div//table//tbody//tr//th]]>
    </line>
    <line>
      <![CDATA[Found Element By : By.xpath: //div[@class='tab-pane active']//div//div//div//div//table//tbody//tr//th]]>
    </line>
    <line>
      <![CDATA[Trying to find Element By : By.xpath: //div[@class='tab-pane active']//div//div//div//div//table//tbody//tr//th]]>
    </line>
    <line>
      <![CDATA[Found Element By : By.xpath: //div[@class='tab-pane active']//div//div//div//div//table//tbody//tr//th]]>
    </line>
    <line>
      <![CDATA[Trying to find Element By : By.xpath: //div[@class='tab-pane active']//div//div//div//div//table//tbody//tr//th]]>
    </line>
    <line>
      <![CDATA[Found Element By : By.xpath: //div[@class='tab-pane active']//div//div//div//div//table//tbody//tr//th]]>
    </line>
    <line>
      <![CDATA[Trying to find Element By : By.xpath: //div[@class='tab-pane active']//div//div//div//div//table//tbody//tr//th]]>
    </line>
    <line>
      <![CDATA[Found Element By : By.xpath: //div[@class='tab-pane active']//div//div//div//div//table//tbody//tr//th]]>
    </line>
    <line>
      <![CDATA[Trying to find Element By : By.xpath: //div[@class='tab-pane active']//div//div//div//div//table//tbody//tr//td]]>
    </line>
    <line>
      <![CDATA[Found Element By : By.xpath: //div[@class='tab-pane active']//div//div//div//div//table//tbody//tr//td]]>
    </line>
    <line>
      <![CDATA[Trying to find Element By : By.xpath: //div[@class='tab-pane active']//div//div//div//div//table//tbody//tr//th]]>
    </line>
    <line>
      <![CDATA[Found Element By : By.xpath: //div[@class='tab-pane active']//div//div//div//div//table//tbody//tr//th]]>
    </line>
  </reporter-output>
  <suite started-at="2021-11-26T10:01:11Z" name="Suite" finished-at="2021-11-26T10:03:27Z" duration-ms="135963">
    <groups>
    </groups>
    <test started-at="2021-11-26T10:01:11Z" name="Test" finished-at="2021-11-26T10:03:27Z" duration-ms="135963">
      <class name="testcasae.TC002_CheckData">
        <test-method is-config="true" signature="extentFileCreation()[pri:0, instance:testcasae.TC002_CheckData@740cae06]" started-at="2021-11-26T15:31:11Z" name="extentFileCreation" finished-at="2021-11-26T15:31:11Z" duration-ms="162" status="PASS">
          <reporter-output>
          </reporter-output>
        </test-method> <!-- extentFileCreation -->
        <test-method is-config="true" signature="launchApplication(java.lang.String)[pri:0, instance:testcasae.TC002_CheckData@740cae06]" started-at="2021-11-26T15:31:11Z" name="launchApplication" finished-at="2021-11-26T15:31:19Z" duration-ms="7407" status="PASS">
          <params>
            <param index="0">
              <value>
                <![CDATA[Chrome]]>
              </value>
            </param>
          </params>
          <reporter-output>
          </reporter-output>
        </test-method> <!-- launchApplication -->
        <test-method is-config="true" signature="getFunctionName(java.lang.reflect.Method)[pri:0, instance:testcasae.TC002_CheckData@740cae06]" started-at="2021-11-26T15:31:19Z" name="getFunctionName" finished-at="2021-11-26T15:31:19Z" duration-ms="2" status="PASS">
          <params>
            <param index="0">
              <value>
                <![CDATA[public void testcasae.TC002_CheckData.loginTest() throws java.lang.Throwable]]>
              </value>
            </param>
          </params>
          <reporter-output>
          </reporter-output>
        </test-method> <!-- getFunctionName -->
        <test-method signature="loginTest()[pri:1, instance:testcasae.TC002_CheckData@740cae06]" started-at="2021-11-26T15:31:19Z" name="loginTest" finished-at="2021-11-26T15:31:58Z" duration-ms="39568" status="PASS">
          <reporter-output>
            <line>
              <![CDATA[Trying to find Element By : By.xpath: //button[@id='login-btn-lp']]]>
            </line>
            <line>
              <![CDATA[Found Element By : By.xpath: //button[@id='login-btn-lp']]]>
            </line>
            <line>
              <![CDATA[Trying to find Element By : By.xpath: //input[@name='username']]]>
            </line>
            <line>
              <![CDATA[Found Element By : By.xpath: //input[@name='username']]]>
            </line>
            <line>
              <![CDATA[Trying to find Element By : By.xpath: //input[@name='username']]]>
            </line>
            <line>
              <![CDATA[Found Element By : By.xpath: //input[@name='username']]]>
            </line>
            <line>
              <![CDATA[Trying to find Element By : By.xpath: //input[@id='pass-field']]]>
            </line>
            <line>
              <![CDATA[Found Element By : By.xpath: //input[@id='pass-field']]]>
            </line>
            <line>
              <![CDATA[Trying to find Element By : By.xpath: //input[@id='pass-field']]]>
            </line>
            <line>
              <![CDATA[Found Element By : By.xpath: //input[@id='pass-field']]]>
            </line>
            <line>
              <![CDATA[Trying to find Element By : By.xpath: //button[normalize-space()='Login']]]>
            </line>
            <line>
              <![CDATA[Found Element By : By.xpath: //button[normalize-space()='Login']]]>
            </line>
            <line>
              <![CDATA[Trying to find Element By : By.xpath: 	//div[@class='alert alert-danger']]]>
            </line>
            <line>
              <![CDATA[Found Element By : By.xpath: 	//div[@class='alert alert-danger']]]>
            </line>
            <line>
              <![CDATA[Trying to find Element By : By.xpath: 	//div[@class='alert alert-danger']]]>
            </line>
            <line>
              <![CDATA[Found Element By : By.xpath: 	//div[@class='alert alert-danger']]]>
            </line>
            <line>
              <![CDATA[Trying to find Element By : By.xpath: 	//div[@class='alert alert-danger']]]>
            </line>
            <line>
              <![CDATA[Found Element By : By.xpath: 	//div[@class='alert alert-danger']]]>
            </line>
            <line>
              <![CDATA[Trying to find Element By : By.xpath: 	//div[@class='alert alert-danger']]]>
            </line>
            <line>
              <![CDATA[Found Element By : By.xpath: 	//div[@class='alert alert-danger']]]>
            </line>
            <line>
              <![CDATA[Trying to find Element By : By.xpath: 	//div[@class='alert alert-danger']]]>
            </line>
            <line>
              <![CDATA[Found Element By : By.xpath: 	//div[@class='alert alert-danger']]]>
            </line>
            <line>
              <![CDATA[Trying to find Element By : By.xpath: 	//div[@class='alert alert-danger']]]>
            </line>
            <line>
              <![CDATA[Found Element By : By.xpath: 	//div[@class='alert alert-danger']]]>
            </line>
            <line>
              <![CDATA[Trying to find Element By : By.xpath: 	//div[@class='alert alert-danger']]]>
            </line>
            <line>
              <![CDATA[Found Element By : By.xpath: 	//div[@class='alert alert-danger']]]>
            </line>
            <line>
              <![CDATA[Trying to find Element By : By.xpath: 	//div[@class='alert alert-danger']]]>
            </line>
            <line>
              <![CDATA[Found Element By : By.xpath: 	//div[@class='alert alert-danger']]]>
            </line>
            <line>
              <![CDATA[Trying to find Element By : By.xpath: 	//div[@class='alert alert-danger']]]>
            </line>
            <line>
              <![CDATA[Found Element By : By.xpath: 	//div[@class='alert alert-danger']]]>
            </line>
            <line>
              <![CDATA[Trying to find Element By : By.xpath: 	//div[@class='alert alert-danger']]]>
            </line>
            <line>
              <![CDATA[Found Element By : By.xpath: 	//div[@class='alert alert-danger']]]>
            </line>
            <line>
              <![CDATA[Trying to find Element By : By.xpath: 	//div[@class='alert alert-danger']]]>
            </line>
            <line>
              <![CDATA[Found Element By : By.xpath: 	//div[@class='alert alert-danger']]]>
            </line>
            <line>
              <![CDATA[Trying to find Element By : By.xpath: 	//div[@class='alert alert-danger']]]>
            </line>
            <line>
              <![CDATA[Found Element By : By.xpath: 	//div[@class='alert alert-danger']]]>
            </line>
            <line>
              <![CDATA[Trying to find Element By : By.xpath: 	//div[@class='alert alert-danger']]]>
            </line>
            <line>
              <![CDATA[Found Element By : By.xpath: 	//div[@class='alert alert-danger']]]>
            </line>
            <line>
              <![CDATA[Trying to find Element By : By.xpath: 	//div[@class='alert alert-danger']]]>
            </line>
            <line>
              <![CDATA[Found Element By : By.xpath: 	//div[@class='alert alert-danger']]]>
            </line>
            <line>
              <![CDATA[Trying to find Element By : By.xpath: 	//div[@class='alert alert-danger']]]>
            </line>
            <line>
              <![CDATA[Found Element By : By.xpath: 	//div[@class='alert alert-danger']]]>
            </line>
            <line>
              <![CDATA[Trying to find Element By : By.xpath: 	//div[@class='alert alert-danger']]]>
            </line>
            <line>
              <![CDATA[Found Element By : By.xpath: 	//div[@class='alert alert-danger']]]>
            </line>
            <line>
              <![CDATA[Trying to find Element By : By.xpath: 	//div[@class='alert alert-danger']]]>
            </line>
            <line>
              <![CDATA[Found Element By : By.xpath: 	//div[@class='alert alert-danger']]]>
            </line>
            <line>
              <![CDATA[Trying to find Element By : By.xpath: 	//div[@class='alert alert-danger']]]>
            </line>
            <line>
              <![CDATA[Found Element By : By.xpath: 	//div[@class='alert alert-danger']]]>
            </line>
            <line>
              <![CDATA[Trying to find Element By : By.xpath: 	//div[@class='alert alert-danger']]]>
            </line>
            <line>
              <![CDATA[Found Element By : By.xpath: 	//div[@class='alert alert-danger']]]>
            </line>
            <line>
              <![CDATA[Trying to find Element By : By.xpath: 	//div[@class='alert alert-danger']]]>
            </line>
            <line>
              <![CDATA[Found Element By : By.xpath: 	//div[@class='alert alert-danger']]]>
            </line>
            <line>
              <![CDATA[Trying to find Element By : By.xpath: 	//div[@class='alert alert-danger']]]>
            </line>
            <line>
              <![CDATA[Found Element By : By.xpath: 	//div[@class='alert alert-danger']]]>
            </line>
            <line>
              <![CDATA[Trying to find Element By : By.xpath: 	//div[@class='alert alert-danger']]]>
            </line>
            <line>
              <![CDATA[Found Element By : By.xpath: 	//div[@class='alert alert-danger']]]>
            </line>
            <line>
              <![CDATA[Trying to find Element By : By.xpath: 	//div[@class='alert alert-danger']]]>
            </line>
            <line>
              <![CDATA[Found Element By : By.xpath: 	//div[@class='alert alert-danger']]]>
            </line>
            <line>
              <![CDATA[Trying to find Element By : By.xpath: 	//div[@class='alert alert-danger']]]>
            </line>
            <line>
              <![CDATA[Found Element By : By.xpath: 	//div[@class='alert alert-danger']]]>
            </line>
            <line>
              <![CDATA[Trying to find Element By : By.xpath: 	//div[@class='alert alert-danger']]]>
            </line>
            <line>
              <![CDATA[Found Element By : By.xpath: 	//div[@class='alert alert-danger']]]>
            </line>
            <line>
              <![CDATA[Trying to find Element By : By.xpath: 	//div[@class='alert alert-danger']]]>
            </line>
            <line>
              <![CDATA[Found Element By : By.xpath: 	//div[@class='alert alert-danger']]]>
            </line>
            <line>
              <![CDATA[Trying to find Element By : By.xpath: 	//div[@class='alert alert-danger']]]>
            </line>
            <line>
              <![CDATA[Found Element By : By.xpath: 	//div[@class='alert alert-danger']]]>
            </line>
            <line>
              <![CDATA[Trying to find Element By : By.xpath: 	//div[@class='alert alert-danger']]]>
            </line>
            <line>
              <![CDATA[Found Element By : By.xpath: 	//div[@class='alert alert-danger']]]>
            </line>
            <line>
              <![CDATA[Trying to find Element By : By.xpath: 	//div[@class='alert alert-danger']]]>
            </line>
            <line>
              <![CDATA[Found Element By : By.xpath: 	//div[@class='alert alert-danger']]]>
            </line>
            <line>
              <![CDATA[Trying to find Element By : By.xpath: 	//div[@class='alert alert-danger']]]>
            </line>
            <line>
              <![CDATA[Found Element By : By.xpath: 	//div[@class='alert alert-danger']]]>
            </line>
            <line>
              <![CDATA[Trying to find Element By : By.xpath: 	//div[@class='alert alert-danger']]]>
            </line>
            <line>
              <![CDATA[Found Element By : By.xpath: 	//div[@class='alert alert-danger']]]>
            </line>
            <line>
              <![CDATA[Trying to find Element By : By.xpath: 	//div[@class='alert alert-danger']]]>
            </line>
            <line>
              <![CDATA[Found Element By : By.xpath: 	//div[@class='alert alert-danger']]]>
            </line>
            <line>
              <![CDATA[Trying to find Element By : By.xpath: 	//div[@class='alert alert-danger']]]>
            </line>
            <line>
              <![CDATA[Found Element By : By.xpath: 	//div[@class='alert alert-danger']]]>
            </line>
            <line>
              <![CDATA[Trying to find Element By : By.xpath: 	//div[@class='alert alert-danger']]]>
            </line>
            <line>
              <![CDATA[Found Element By : By.xpath: 	//div[@class='alert alert-danger']]]>
            </line>
            <line>
              <![CDATA[Trying to find Element By : By.xpath: 	//div[@class='alert alert-danger']]]>
            </line>
            <line>
              <![CDATA[Found Element By : By.xpath: 	//div[@class='alert alert-danger']]]>
            </line>
            <line>
              <![CDATA[Trying to find Element By : By.xpath: 	//div[@class='alert alert-danger']]]>
            </line>
            <line>
              <![CDATA[Found Element By : By.xpath: 	//div[@class='alert alert-danger']]]>
            </line>
            <line>
              <![CDATA[Trying to find Element By : By.xpath: 	//div[@class='alert alert-danger']]]>
            </line>
            <line>
              <![CDATA[Found Element By : By.xpath: 	//div[@class='alert alert-danger']]]>
            </line>
            <line>
              <![CDATA[Trying to find Element By : By.xpath: 	//div[@class='alert alert-danger']]]>
            </line>
            <line>
              <![CDATA[Found Element By : By.xpath: 	//div[@class='alert alert-danger']]]>
            </line>
            <line>
              <![CDATA[Trying to find Element By : By.xpath: 	//div[@class='alert alert-danger']]]>
            </line>
            <line>
              <![CDATA[Found Element By : By.xpath: 	//div[@class='alert alert-danger']]]>
            </line>
            <line>
              <![CDATA[Trying to find Element By : By.xpath: 	//div[@class='alert alert-danger']]]>
            </line>
            <line>
              <![CDATA[Found Element By : By.xpath: 	//div[@class='alert alert-danger']]]>
            </line>
            <line>
              <![CDATA[Trying to find Element By : By.xpath: 	//div[@class='alert alert-danger']]]>
            </line>
            <line>
              <![CDATA[Found Element By : By.xpath: 	//div[@class='alert alert-danger']]]>
            </line>
            <line>
              <![CDATA[Trying to find Element By : By.xpath: 	//div[@class='alert alert-danger']]]>
            </line>
            <line>
              <![CDATA[Found Element By : By.xpath: 	//div[@class='alert alert-danger']]]>
            </line>
            <line>
              <![CDATA[Trying to find Element By : By.xpath: 	//div[@class='alert alert-danger']]]>
            </line>
            <line>
              <![CDATA[Found Element By : By.xpath: 	//div[@class='alert alert-danger']]]>
            </line>
            <line>
              <![CDATA[Trying to find Element By : By.xpath: 	//div[@class='alert alert-danger']]]>
            </line>
            <line>
              <![CDATA[Found Element By : By.xpath: 	//div[@class='alert alert-danger']]]>
            </line>
            <line>
              <![CDATA[Trying to find Element By : By.xpath: 	//div[@class='alert alert-danger']]]>
            </line>
            <line>
              <![CDATA[Found Element By : By.xpath: 	//div[@class='alert alert-danger']]]>
            </line>
            <line>
              <![CDATA[Trying to find Element By : By.xpath: 	//div[@class='alert alert-danger']]]>
            </line>
            <line>
              <![CDATA[Found Element By : By.xpath: 	//div[@class='alert alert-danger']]]>
            </line>
            <line>
              <![CDATA[Trying to find Element By : By.xpath: 	//div[@class='alert alert-danger']]]>
            </line>
            <line>
              <![CDATA[Found Element By : By.xpath: 	//div[@class='alert alert-danger']]]>
            </line>
            <line>
              <![CDATA[Trying to find Element By : By.xpath: 	//div[@class='alert alert-danger']]]>
            </line>
            <line>
              <![CDATA[Found Element By : By.xpath: 	//div[@class='alert alert-danger']]]>
            </line>
            <line>
              <![CDATA[Trying to find Element By : By.xpath: 	//div[@class='alert alert-danger']]]>
            </line>
            <line>
              <![CDATA[Found Element By : By.xpath: 	//div[@class='alert alert-danger']]]>
            </line>
            <line>
              <![CDATA[Trying to find Element By : By.xpath: 	//div[@class='alert alert-danger']]]>
            </line>
            <line>
              <![CDATA[Found Element By : By.xpath: 	//div[@class='alert alert-danger']]]>
            </line>
            <line>
              <![CDATA[Trying to find Element By : By.xpath: 	//div[@class='alert alert-danger']]]>
            </line>
            <line>
              <![CDATA[Found Element By : By.xpath: 	//div[@class='alert alert-danger']]]>
            </line>
            <line>
              <![CDATA[Trying to find Element By : By.xpath: 	//div[@class='alert alert-danger']]]>
            </line>
            <line>
              <![CDATA[Found Element By : By.xpath: 	//div[@class='alert alert-danger']]]>
            </line>
            <line>
              <![CDATA[Trying to find Element By : By.xpath: 	//div[@class='alert alert-danger']]]>
            </line>
            <line>
              <![CDATA[Found Element By : By.xpath: 	//div[@class='alert alert-danger']]]>
            </line>
            <line>
              <![CDATA[Trying to find Element By : By.xpath: 	//div[@class='alert alert-danger']]]>
            </line>
            <line>
              <![CDATA[Found Element By : By.xpath: 	//div[@class='alert alert-danger']]]>
            </line>
            <line>
              <![CDATA[Trying to find Element By : By.xpath: 	//div[@class='alert alert-danger']]]>
            </line>
            <line>
              <![CDATA[Found Element By : By.xpath: 	//div[@class='alert alert-danger']]]>
            </line>
            <line>
              <![CDATA[Trying to find Element By : By.xpath: 	//div[@class='alert alert-danger']]]>
            </line>
            <line>
              <![CDATA[Found Element By : By.xpath: 	//div[@class='alert alert-danger']]]>
            </line>
            <line>
              <![CDATA[Trying to find Element By : By.xpath: 	//div[@class='alert alert-danger']]]>
            </line>
            <line>
              <![CDATA[Found Element By : By.xpath: 	//div[@class='alert alert-danger']]]>
            </line>
            <line>
              <![CDATA[Trying to find Element By : By.xpath: 	//div[@class='alert alert-danger']]]>
            </line>
            <line>
              <![CDATA[Found Element By : By.xpath: 	//div[@class='alert alert-danger']]]>
            </line>
            <line>
              <![CDATA[Trying to find Element By : By.xpath: 	//div[@class='alert alert-danger']]]>
            </line>
            <line>
              <![CDATA[Found Element By : By.xpath: 	//div[@class='alert alert-danger']]]>
            </line>
            <line>
              <![CDATA[Trying to find Element By : By.xpath: 	//div[@class='alert alert-danger']]]>
            </line>
            <line>
              <![CDATA[Found Element By : By.xpath: 	//div[@class='alert alert-danger']]]>
            </line>
            <line>
              <![CDATA[Trying to find Element By : By.xpath: 	//div[@class='alert alert-danger']]]>
            </line>
            <line>
              <![CDATA[Found Element By : By.xpath: 	//div[@class='alert alert-danger']]]>
            </line>
            <line>
              <![CDATA[Trying to find Element By : By.xpath: 	//div[@class='alert alert-danger']]]>
            </line>
            <line>
              <![CDATA[Found Element By : By.xpath: 	//div[@class='alert alert-danger']]]>
            </line>
            <line>
              <![CDATA[Trying to find Element By : By.xpath: 	//div[@class='alert alert-danger']]]>
            </line>
            <line>
              <![CDATA[Found Element By : By.xpath: 	//div[@class='alert alert-danger']]]>
            </line>
            <line>
              <![CDATA[Trying to find Element By : By.xpath: 	//div[@class='alert alert-danger']]]>
            </line>
            <line>
              <![CDATA[Found Element By : By.xpath: 	//div[@class='alert alert-danger']]]>
            </line>
            <line>
              <![CDATA[Trying to find Element By : By.xpath: 	//div[@class='alert alert-danger']]]>
            </line>
            <line>
              <![CDATA[Found Element By : By.xpath: 	//div[@class='alert alert-danger']]]>
            </line>
            <line>
              <![CDATA[Trying to find Element By : By.xpath: 	//div[@class='alert alert-danger']]]>
            </line>
            <line>
              <![CDATA[Found Element By : By.xpath: 	//div[@class='alert alert-danger']]]>
            </line>
            <line>
              <![CDATA[Trying to find Element By : By.xpath: 	//div[@class='alert alert-danger']]]>
            </line>
            <line>
              <![CDATA[Found Element By : By.xpath: 	//div[@class='alert alert-danger']]]>
            </line>
            <line>
              <![CDATA[Trying to find Element By : By.xpath: 	//div[@class='alert alert-danger']]]>
            </line>
            <line>
              <![CDATA[Found Element By : By.xpath: 	//div[@class='alert alert-danger']]]>
            </line>
            <line>
              <![CDATA[Trying to find Element By : By.xpath: 	//div[@class='alert alert-danger']]]>
            </line>
            <line>
              <![CDATA[Found Element By : By.xpath: 	//div[@class='alert alert-danger']]]>
            </line>
            <line>
              <![CDATA[Trying to find Element By : By.xpath: 	//div[@class='alert alert-danger']]]>
            </line>
            <line>
              <![CDATA[Found Element By : By.xpath: 	//div[@class='alert alert-danger']]]>
            </line>
            <line>
              <![CDATA[Trying to find Element By : By.xpath: 	//div[@class='alert alert-danger']]]>
            </line>
            <line>
              <![CDATA[Found Element By : By.xpath: 	//div[@class='alert alert-danger']]]>
            </line>
            <line>
              <![CDATA[Trying to find Element By : By.xpath: 	//div[@class='alert alert-danger']]]>
            </line>
            <line>
              <![CDATA[Found Element By : By.xpath: 	//div[@class='alert alert-danger']]]>
            </line>
            <line>
              <![CDATA[Trying to find Element By : By.xpath: 	//div[@class='alert alert-danger']]]>
            </line>
            <line>
              <![CDATA[Found Element By : By.xpath: 	//div[@class='alert alert-danger']]]>
            </line>
            <line>
              <![CDATA[Trying to find Element By : By.xpath: 	//div[@class='alert alert-danger']]]>
            </line>
            <line>
              <![CDATA[Found Element By : By.xpath: 	//div[@class='alert alert-danger']]]>
            </line>
            <line>
              <![CDATA[Trying to find Element By : By.xpath: 	//div[@class='alert alert-danger']]]>
            </line>
            <line>
              <![CDATA[Found Element By : By.xpath: 	//div[@class='alert alert-danger']]]>
            </line>
            <line>
              <![CDATA[Trying to find Element By : By.xpath: 	//div[@class='alert alert-danger']]]>
            </line>
            <line>
              <![CDATA[Found Element By : By.xpath: 	//div[@class='alert alert-danger']]]>
            </line>
            <line>
              <![CDATA[Trying to find Element By : By.xpath: 	//div[@class='alert alert-danger']]]>
            </line>
            <line>
              <![CDATA[Found Element By : By.xpath: 	//div[@class='alert alert-danger']]]>
            </line>
            <line>
              <![CDATA[Trying to find Element By : By.xpath: 	//div[@class='alert alert-danger']]]>
            </line>
            <line>
              <![CDATA[Found Element By : By.xpath: 	//div[@class='alert alert-danger']]]>
            </line>
            <line>
              <![CDATA[Trying to find Element By : By.xpath: 	//div[@class='alert alert-danger']]]>
            </line>
            <line>
              <![CDATA[Found Element By : By.xpath: 	//div[@class='alert alert-danger']]]>
            </line>
            <line>
              <![CDATA[Trying to find Element By : By.xpath: 	//div[@class='alert alert-danger']]]>
            </line>
            <line>
              <![CDATA[Found Element By : By.xpath: 	//div[@class='alert alert-danger']]]>
            </line>
            <line>
              <![CDATA[Trying to find Element By : By.xpath: 	//div[@class='alert alert-danger']]]>
            </line>
            <line>
              <![CDATA[Found Element By : By.xpath: 	//div[@class='alert alert-danger']]]>
            </line>
            <line>
              <![CDATA[Trying to find Element By : By.xpath: 	//div[@class='alert alert-danger']]]>
            </line>
            <line>
              <![CDATA[Found Element By : By.xpath: 	//div[@class='alert alert-danger']]]>
            </line>
            <line>
              <![CDATA[Trying to find Element By : By.xpath: 	//div[@class='alert alert-danger']]]>
            </line>
            <line>
              <![CDATA[Found Element By : By.xpath: 	//div[@class='alert alert-danger']]]>
            </line>
            <line>
              <![CDATA[Trying to find Element By : By.xpath: 	//div[@class='alert alert-danger']]]>
            </line>
            <line>
              <![CDATA[Found Element By : By.xpath: 	//div[@class='alert alert-danger']]]>
            </line>
            <line>
              <![CDATA[Trying to find Element By : By.xpath: 	//div[@class='alert alert-danger']]]>
            </line>
            <line>
              <![CDATA[Found Element By : By.xpath: 	//div[@class='alert alert-danger']]]>
            </line>
            <line>
              <![CDATA[Trying to find Element By : By.xpath: 	//div[@class='alert alert-danger']]]>
            </line>
            <line>
              <![CDATA[Found Element By : By.xpath: 	//div[@class='alert alert-danger']]]>
            </line>
            <line>
              <![CDATA[Trying to find Element By : By.xpath: 	//div[@class='alert alert-danger']]]>
            </line>
            <line>
              <![CDATA[Found Element By : By.xpath: 	//div[@class='alert alert-danger']]]>
            </line>
            <line>
              <![CDATA[Trying to find Element By : By.xpath: 	//div[@class='alert alert-danger']]]>
            </line>
            <line>
              <![CDATA[Found Element By : By.xpath: 	//div[@class='alert alert-danger']]]>
            </line>
            <line>
              <![CDATA[Trying to find Element By : By.xpath: 	//div[@class='alert alert-danger']]]>
            </line>
            <line>
              <![CDATA[Found Element By : By.xpath: 	//div[@class='alert alert-danger']]]>
            </line>
            <line>
              <![CDATA[Trying to find Element By : By.xpath: 	//div[@class='alert alert-danger']]]>
            </line>
            <line>
              <![CDATA[Found Element By : By.xpath: 	//div[@class='alert alert-danger']]]>
            </line>
            <line>
              <![CDATA[Trying to find Element By : By.xpath: 	//div[@class='alert alert-danger']]]>
            </line>
            <line>
              <![CDATA[Found Element By : By.xpath: 	//div[@class='alert alert-danger']]]>
            </line>
            <line>
              <![CDATA[Trying to find Element By : By.xpath: 	//div[@class='alert alert-danger']]]>
            </line>
            <line>
              <![CDATA[Found Element By : By.xpath: 	//div[@class='alert alert-danger']]]>
            </line>
            <line>
              <![CDATA[Trying to find Element By : By.xpath: 	//div[@class='alert alert-danger']]]>
            </line>
            <line>
              <![CDATA[Found Element By : By.xpath: 	//div[@class='alert alert-danger']]]>
            </line>
            <line>
              <![CDATA[Trying to find Element By : By.xpath: 	//div[@class='alert alert-danger']]]>
            </line>
            <line>
              <![CDATA[Found Element By : By.xpath: 	//div[@class='alert alert-danger']]]>
            </line>
            <line>
              <![CDATA[Trying to find Element By : By.xpath: 	//div[@class='alert alert-danger']]]>
            </line>
            <line>
              <![CDATA[Found Element By : By.xpath: 	//div[@class='alert alert-danger']]]>
            </line>
            <line>
              <![CDATA[Trying to find Element By : By.xpath: 	//div[@class='alert alert-danger']]]>
            </line>
            <line>
              <![CDATA[Found Element By : By.xpath: 	//div[@class='alert alert-danger']]]>
            </line>
            <line>
              <![CDATA[Trying to find Element By : By.xpath: 	//div[@class='alert alert-danger']]]>
            </line>
            <line>
              <![CDATA[Found Element By : By.xpath: 	//div[@class='alert alert-danger']]]>
            </line>
            <line>
              <![CDATA[Trying to find Element By : By.xpath: 	//div[@class='alert alert-danger']]]>
            </line>
            <line>
              <![CDATA[Found Element By : By.xpath: 	//div[@class='alert alert-danger']]]>
            </line>
            <line>
              <![CDATA[Trying to find Element By : By.xpath: 	//div[@class='alert alert-danger']]]>
            </line>
            <line>
              <![CDATA[Found Element By : By.xpath: 	//div[@class='alert alert-danger']]]>
            </line>
            <line>
              <![CDATA[Trying to find Element By : By.xpath: 	//div[@class='alert alert-danger']]]>
            </line>
            <line>
              <![CDATA[Found Element By : By.xpath: 	//div[@class='alert alert-danger']]]>
            </line>
            <line>
              <![CDATA[Trying to find Element By : By.xpath: 	//div[@class='alert alert-danger']]]>
            </line>
            <line>
              <![CDATA[Found Element By : By.xpath: 	//div[@class='alert alert-danger']]]>
            </line>
            <line>
              <![CDATA[Trying to find Element By : By.xpath: 	//div[@class='alert alert-danger']]]>
            </line>
            <line>
              <![CDATA[Found Element By : By.xpath: 	//div[@class='alert alert-danger']]]>
            </line>
            <line>
              <![CDATA[Trying to find Element By : By.xpath: 	//div[@class='alert alert-danger']]]>
            </line>
            <line>
              <![CDATA[Found Element By : By.xpath: 	//div[@class='alert alert-danger']]]>
            </line>
            <line>
              <![CDATA[Trying to find Element By : By.xpath: 	//div[@class='alert alert-danger']]]>
            </line>
            <line>
              <![CDATA[Found Element By : By.xpath: 	//div[@class='alert alert-danger']]]>
            </line>
            <line>
              <![CDATA[Trying to find Element By : By.xpath: 	//div[@class='alert alert-danger']]]>
            </line>
            <line>
              <![CDATA[Found Element By : By.xpath: 	//div[@class='alert alert-danger']]]>
            </line>
            <line>
              <![CDATA[Trying to find Element By : By.xpath: 	//div[@class='alert alert-danger']]]>
            </line>
            <line>
              <![CDATA[Found Element By : By.xpath: 	//div[@class='alert alert-danger']]]>
            </line>
            <line>
              <![CDATA[Trying to find Element By : By.xpath: 	//div[@class='alert alert-danger']]]>
            </line>
            <line>
              <![CDATA[Found Element By : By.xpath: 	//div[@class='alert alert-danger']]]>
            </line>
            <line>
              <![CDATA[Trying to find Element By : By.xpath: 	//div[@class='alert alert-danger']]]>
            </line>
            <line>
              <![CDATA[Found Element By : By.xpath: 	//div[@class='alert alert-danger']]]>
            </line>
            <line>
              <![CDATA[Trying to find Element By : By.xpath: 	//div[@class='alert alert-danger']]]>
            </line>
            <line>
              <![CDATA[Found Element By : By.xpath: 	//div[@class='alert alert-danger']]]>
            </line>
            <line>
              <![CDATA[Trying to find Element By : By.xpath: 	//div[@class='alert alert-danger']]]>
            </line>
            <line>
              <![CDATA[Found Element By : By.xpath: 	//div[@class='alert alert-danger']]]>
            </line>
            <line>
              <![CDATA[Trying to find Element By : By.xpath: 	//div[@class='alert alert-danger']]]>
            </line>
            <line>
              <![CDATA[Found Element By : By.xpath: 	//div[@class='alert alert-danger']]]>
            </line>
            <line>
              <![CDATA[Trying to find Element By : By.xpath: 	//div[@class='alert alert-danger']]]>
            </line>
            <line>
              <![CDATA[Found Element By : By.xpath: 	//div[@class='alert alert-danger']]]>
            </line>
            <line>
              <![CDATA[Trying to find Element By : By.xpath: 	//div[@class='alert alert-danger']]]>
            </line>
            <line>
              <![CDATA[Found Element By : By.xpath: 	//div[@class='alert alert-danger']]]>
            </line>
            <line>
              <![CDATA[Trying to find Element By : By.xpath: 	//div[@class='alert alert-danger']]]>
            </line>
            <line>
              <![CDATA[Found Element By : By.xpath: 	//div[@class='alert alert-danger']]]>
            </line>
            <line>
              <![CDATA[Trying to find Element By : By.xpath: 	//div[@class='alert alert-danger']]]>
            </line>
            <line>
              <![CDATA[Found Element By : By.xpath: 	//div[@class='alert alert-danger']]]>
            </line>
            <line>
              <![CDATA[Trying to find Element By : By.xpath: 	//div[@class='alert alert-danger']]]>
            </line>
            <line>
              <![CDATA[Found Element By : By.xpath: 	//div[@class='alert alert-danger']]]>
            </line>
            <line>
              <![CDATA[Trying to find Element By : By.xpath: 	//div[@class='alert alert-danger']]]>
            </line>
            <line>
              <![CDATA[Found Element By : By.xpath: 	//div[@class='alert alert-danger']]]>
            </line>
            <line>
              <![CDATA[Trying to find Element By : By.xpath: 	//div[@class='alert alert-danger']]]>
            </line>
            <line>
              <![CDATA[Found Element By : By.xpath: 	//div[@class='alert alert-danger']]]>
            </line>
            <line>
              <![CDATA[Trying to find Element By : By.xpath: 	//div[@class='alert alert-danger']]]>
            </line>
            <line>
              <![CDATA[Found Element By : By.xpath: 	//div[@class='alert alert-danger']]]>
            </line>
            <line>
              <![CDATA[Trying to find Element By : By.xpath: 	//div[@class='alert alert-danger']]]>
            </line>
            <line>
              <![CDATA[Found Element By : By.xpath: 	//div[@class='alert alert-danger']]]>
            </line>
            <line>
              <![CDATA[Trying to find Element By : By.xpath: 	//div[@class='alert alert-danger']]]>
            </line>
            <line>
              <![CDATA[Found Element By : By.xpath: 	//div[@class='alert alert-danger']]]>
            </line>
            <line>
              <![CDATA[Trying to find Element By : By.xpath: 	//div[@class='alert alert-danger']]]>
            </line>
            <line>
              <![CDATA[Found Element By : By.xpath: 	//div[@class='alert alert-danger']]]>
            </line>
            <line>
              <![CDATA[Trying to find Element By : By.xpath: 	//div[@class='alert alert-danger']]]>
            </line>
            <line>
              <![CDATA[Found Element By : By.xpath: 	//div[@class='alert alert-danger']]]>
            </line>
            <line>
              <![CDATA[Trying to find Element By : By.xpath: 	//div[@class='alert alert-danger']]]>
            </line>
            <line>
              <![CDATA[Found Element By : By.xpath: 	//div[@class='alert alert-danger']]]>
            </line>
            <line>
              <![CDATA[Trying to find Element By : By.xpath: 	//div[@class='alert alert-danger']]]>
            </line>
            <line>
              <![CDATA[Found Element By : By.xpath: 	//div[@class='alert alert-danger']]]>
            </line>
            <line>
              <![CDATA[Trying to find Element By : By.xpath: 	//div[@class='alert alert-danger']]]>
            </line>
            <line>
              <![CDATA[Found Element By : By.xpath: 	//div[@class='alert alert-danger']]]>
            </line>
            <line>
              <![CDATA[Trying to find Element By : By.xpath: 	//div[@class='alert alert-danger']]]>
            </line>
            <line>
              <![CDATA[Found Element By : By.xpath: 	//div[@class='alert alert-danger']]]>
            </line>
            <line>
              <![CDATA[Trying to find Element By : By.xpath: 	//div[@class='alert alert-danger']]]>
            </line>
            <line>
              <![CDATA[Found Element By : By.xpath: 	//div[@class='alert alert-danger']]]>
            </line>
            <line>
              <![CDATA[Trying to find Element By : By.xpath: 	//div[@class='alert alert-danger']]]>
            </line>
            <line>
              <![CDATA[Found Element By : By.xpath: 	//div[@class='alert alert-danger']]]>
            </line>
            <line>
              <![CDATA[Trying to find Element By : By.xpath: 	//div[@class='alert alert-danger']]]>
            </line>
            <line>
              <![CDATA[Found Element By : By.xpath: 	//div[@class='alert alert-danger']]]>
            </line>
            <line>
              <![CDATA[Trying to find Element By : By.xpath: 	//div[@class='alert alert-danger']]]>
            </line>
            <line>
              <![CDATA[Found Element By : By.xpath: 	//div[@class='alert alert-danger']]]>
            </line>
            <line>
              <![CDATA[Trying to find Element By : By.xpath: 	//div[@class='alert alert-danger']]]>
            </line>
            <line>
              <![CDATA[Found Element By : By.xpath: 	//div[@class='alert alert-danger']]]>
            </line>
            <line>
              <![CDATA[Trying to find Element By : By.xpath: 	//div[@class='alert alert-danger']]]>
            </line>
            <line>
              <![CDATA[Found Element By : By.xpath: 	//div[@class='alert alert-danger']]]>
            </line>
            <line>
              <![CDATA[Trying to find Element By : By.xpath: 	//div[@class='alert alert-danger']]]>
            </line>
            <line>
              <![CDATA[Found Element By : By.xpath: 	//div[@class='alert alert-danger']]]>
            </line>
            <line>
              <![CDATA[Trying to find Element By : By.xpath: 	//div[@class='alert alert-danger']]]>
            </line>
            <line>
              <![CDATA[Found Element By : By.xpath: 	//div[@class='alert alert-danger']]]>
            </line>
            <line>
              <![CDATA[Trying to find Element By : By.xpath: 	//div[@class='alert alert-danger']]]>
            </line>
            <line>
              <![CDATA[Found Element By : By.xpath: 	//div[@class='alert alert-danger']]]>
            </line>
            <line>
              <![CDATA[Trying to find Element By : By.xpath: 	//div[@class='alert alert-danger']]]>
            </line>
            <line>
              <![CDATA[Found Element By : By.xpath: 	//div[@class='alert alert-danger']]]>
            </line>
            <line>
              <![CDATA[Trying to find Element By : By.xpath: 	//div[@class='alert alert-danger']]]>
            </line>
            <line>
              <![CDATA[Found Element By : By.xpath: 	//div[@class='alert alert-danger']]]>
            </line>
            <line>
              <![CDATA[Trying to find Element By : By.xpath: 	//div[@class='alert alert-danger']]]>
            </line>
            <line>
              <![CDATA[Found Element By : By.xpath: 	//div[@class='alert alert-danger']]]>
            </line>
            <line>
              <![CDATA[Trying to find Element By : By.xpath: 	//div[@class='alert alert-danger']]]>
            </line>
            <line>
              <![CDATA[Found Element By : By.xpath: 	//div[@class='alert alert-danger']]]>
            </line>
            <line>
              <![CDATA[Trying to find Element By : By.xpath: 	//div[@class='alert alert-danger']]]>
            </line>
            <line>
              <![CDATA[Found Element By : By.xpath: 	//div[@class='alert alert-danger']]]>
            </line>
            <line>
              <![CDATA[Trying to find Element By : By.xpath: 	//div[@class='alert alert-danger']]]>
            </line>
            <line>
              <![CDATA[Found Element By : By.xpath: 	//div[@class='alert alert-danger']]]>
            </line>
            <line>
              <![CDATA[Trying to find Element By : By.xpath: 	//div[@class='alert alert-danger']]]>
            </line>
            <line>
              <![CDATA[Found Element By : By.xpath: 	//div[@class='alert alert-danger']]]>
            </line>
            <line>
              <![CDATA[Trying to find Element By : By.xpath: 	//div[@class='alert alert-danger']]]>
            </line>
            <line>
              <![CDATA[Found Element By : By.xpath: 	//div[@class='alert alert-danger']]]>
            </line>
            <line>
              <![CDATA[Trying to find Element By : By.xpath: 	//div[@class='alert alert-danger']]]>
            </line>
            <line>
              <![CDATA[Found Element By : By.xpath: 	//div[@class='alert alert-danger']]]>
            </line>
            <line>
              <![CDATA[Before navigating to: 'https://yopmail.com']]>
            </line>
            <line>
              <![CDATA[Navigated to:'https://yopmail.com']]>
            </line>
            <line>
              <![CDATA[Trying to find Element By : By.xpath: 	//input[@id='login']]]>
            </line>
            <line>
              <![CDATA[Found Element By : By.xpath: 	//input[@id='login']]]>
            </line>
            <line>
              <![CDATA[Trying to find Element By : By.xpath: //body//div[@class='mctn']//div]]>
            </line>
            <line>
              <![CDATA[Found Element By : By.xpath: //body//div[@class='mctn']//div]]>
            </line>
            <line>
              <![CDATA[Trying to find Element By : By.cssSelector: span[class='ellipsis']]]>
            </line>
            <line>
              <![CDATA[Found Element By : By.cssSelector: span[class='ellipsis']]]>
            </line>
            <line>
              <![CDATA[Trying to find Element By : By.xpath: //body//div[@class='mctn']//div]]>
            </line>
            <line>
              <![CDATA[Found Element By : By.xpath: //body//div[@class='mctn']//div]]>
            </line>
            <line>
              <![CDATA[Trying to find Element By : By.cssSelector: tbody tr td div p]]>
            </line>
            <line>
              <![CDATA[Found Element By : By.cssSelector: tbody tr td div p]]>
            </line>
            <line>
              <![CDATA[Trying to find Element By : By.xpath: //input[@id='pass-field']]]>
            </line>
            <line>
              <![CDATA[Found Element By : By.xpath: //input[@id='pass-field']]]>
            </line>
            <line>
              <![CDATA[Trying to find Element By : By.cssSelector: #login-btn-lp[type='submit']]]>
            </line>
            <line>
              <![CDATA[Found Element By : By.cssSelector: #login-btn-lp[type='submit']]]>
            </line>
            <line>
              <![CDATA[Trying to find Element By : By.xpath: //span[@class='capitalize mv-short']]]>
            </line>
            <line>
              <![CDATA[Found Element By : By.xpath: //span[@class='capitalize mv-short']]]>
            </line>
          </reporter-output>
        </test-method> <!-- loginTest -->
        <test-method is-config="true" signature="getFunctionName(java.lang.reflect.Method)[pri:0, instance:testcasae.TC002_CheckData@740cae06]" started-at="2021-11-26T15:31:58Z" name="getFunctionName" finished-at="2021-11-26T15:31:58Z" duration-ms="1" status="PASS">
          <params>
            <param index="0">
              <value>
                <![CDATA[public void testcasae.TC002_CheckData.porFolioPageTest() throws java.lang.Throwable]]>
              </value>
            </param>
          </params>
          <reporter-output>
          </reporter-output>
        </test-method> <!-- getFunctionName -->
        <test-method signature="porFolioPageTest()[pri:2, instance:testcasae.TC002_CheckData@740cae06]" started-at="2021-11-26T15:31:58Z" name="porFolioPageTest" finished-at="2021-11-26T15:33:27Z" duration-ms="88644" status="FAIL">
          <exception class="java.lang.NullPointerException">
            <message>
              <![CDATA[Cannot invoke "Object.toString()" because the return value of "org.apache.poi.ss.usermodel.Row.getCell(int)" is null]]>
            </message>
            <full-stacktrace>
              <![CDATA[java.lang.NullPointerException: Cannot invoke "Object.toString()" because the return value of "org.apache.poi.ss.usermodel.Row.getCell(int)" is null
	at utils.ExcelLibraries.getDataUploadCol(ExcelLibraries.java:544)
	at pages.DataUploadpage.validateData(DataUploadpage.java:69)
	at testcasae.TC002_CheckData.porFolioPageTest(TC002_CheckData.java:65)
	at java.base/jdk.internal.reflect.NativeMethodAccessorImpl.invoke0(Native Method)
	at java.base/jdk.internal.reflect.NativeMethodAccessorImpl.invoke(NativeMethodAccessorImpl.java:78)
	at java.base/jdk.internal.reflect.DelegatingMethodAccessorImpl.invoke(DelegatingMethodAccessorImpl.java:43)
	at java.base/java.lang.reflect.Method.invoke(Method.java:567)
	at org.testng.internal.MethodInvocationHelper.invokeMethod(MethodInvocationHelper.java:86)
	at org.testng.internal.Invoker.invokeMethod(Invoker.java:643)
	at org.testng.internal.Invoker.invokeTestMethod(Invoker.java:820)
	at org.testng.internal.Invoker.invokeTestMethods(Invoker.java:1128)
	at org.testng.internal.TestMethodWorker.invokeTestMethods(TestMethodWorker.java:129)
	at org.testng.internal.TestMethodWorker.run(TestMethodWorker.java:112)
	at org.testng.TestRunner.privateRun(TestRunner.java:782)
	at org.testng.TestRunner.run(TestRunner.java:632)
	at org.testng.SuiteRunner.runTest(SuiteRunner.java:366)
	at org.testng.SuiteRunner.runSequentially(SuiteRunner.java:361)
	at org.testng.SuiteRunner.privateRun(SuiteRunner.java:319)
	at org.testng.SuiteRunner.run(SuiteRunner.java:268)
	at org.testng.SuiteRunnerWorker.runSuite(SuiteRunnerWorker.java:52)
	at org.testng.SuiteRunnerWorker.run(SuiteRunnerWorker.java:86)
	at org.testng.TestNG.runSuitesSequentially(TestNG.java:1244)
	at org.testng.TestNG.runSuitesLocally(TestNG.java:1169)
	at org.testng.TestNG.run(TestNG.java:1064)
	at org.testng.remote.AbstractRemoteTestNG.run(AbstractRemoteTestNG.java:115)
	at org.testng.remote.RemoteTestNG.initAndRun(RemoteTestNG.java:251)
	at org.testng.remote.RemoteTestNG.main(RemoteTestNG.java:77)
]]>
            </full-stacktrace>
          </exception> <!-- java.lang.NullPointerException -->
          <reporter-output>
            <line>
              <![CDATA[Trying to find Element By : By.xpath: //table[@class='capitalize admin_portfolio_table table']//tbody//tr[1]//td[1]//a]]>
            </line>
            <line>
              <![CDATA[Found Element By : By.xpath: //table[@class='capitalize admin_portfolio_table table']//tbody//tr[1]//td[1]//a]]>
            </line>
            <line>
              <![CDATA[Trying to find Element By : By.xpath: //table[@class='capitalize admin_portfolio_table table']//tbody//tr[1]//td[1]//a]]>
            </line>
            <line>
              <![CDATA[Found Element By : By.xpath: //table[@class='capitalize admin_portfolio_table table']//tbody//tr[1]//td[1]//a]]>
            </line>
            <line>
              <![CDATA[Trying to find Element By : By.xpath: //body/div[@id='root']/div[1]/div[2]/main[1]/div[1]/div[1]/div[5]/div[1]/div[1]/div[1]/div[1]]]>
            </line>
            <line>
              <![CDATA[Found Element By : By.xpath: //body/div[@id='root']/div[1]/div[2]/main[1]/div[1]/div[1]/div[5]/div[1]/div[1]/div[1]/div[1]]]>
            </line>
            <line>
              <![CDATA[Trying to find Element By : By.xpath: //body/div[@id='root']/div[1]/div[2]/main[1]/div[1]/div[1]/div[4]/div[1]/div[1]/div[1]/div[1]/div[1]/span[1]/div[1]/div[3]/div[1]/select[1]]]>
            </line>
            <line>
              <![CDATA[Found Element By : By.xpath: //body/div[@id='root']/div[1]/div[2]/main[1]/div[1]/div[1]/div[4]/div[1]/div[1]/div[1]/div[1]/div[1]/span[1]/div[1]/div[3]/div[1]/select[1]]]>
            </line>
            <line>
              <![CDATA[Trying to find Element By : By.xpath: //body/div[@id='root']/div[1]/div[2]/main[1]/div[1]/div[1]/div[4]/div[1]/div[1]/div[1]/div[1]/div[1]/span[1]/div[1]/div[3]/div[1]/select[1]]]>
            </line>
            <line>
              <![CDATA[Found Element By : By.xpath: //body/div[@id='root']/div[1]/div[2]/main[1]/div[1]/div[1]/div[4]/div[1]/div[1]/div[1]/div[1]/div[1]/span[1]/div[1]/div[3]/div[1]/select[1]]]>
            </line>
            <line>
              <![CDATA[Trying to find Element By : By.xpath: //body/div[@id='root']/div[1]/div[2]/main[1]/div[1]/div[1]/div[4]/div[1]/div[1]/div[1]/div[1]/div[1]/span[1]/div[1]/div[3]/div[1]/select[1]]]>
            </line>
            <line>
              <![CDATA[Found Element By : By.xpath: //body/div[@id='root']/div[1]/div[2]/main[1]/div[1]/div[1]/div[4]/div[1]/div[1]/div[1]/div[1]/div[1]/span[1]/div[1]/div[3]/div[1]/select[1]]]>
            </line>
            <line>
              <![CDATA[Trying to find Element By : By.tagName: option]]>
            </line>
            <line>
              <![CDATA[Found Element By : By.tagName: option]]>
            </line>
            <line>
              <![CDATA[Trying to click on: [[[[ChromeDriver: chrome on MAC (0c70a6eff1d49cc79e223e69fc49f4a3)] -> xpath: //body/div[@id='root']/div[1]/div[2]/main[1]/div[1]/div[1]/div[4]/div[1]/div[1]/div[1]/div[1]/div[1]/span[1]/div[1]/div[3]/div[1]/select[1]]] -> tag name: option]]]>
            </line>
            <line>
              <![CDATA[Clicked on: [[[[ChromeDriver: chrome on MAC (0c70a6eff1d49cc79e223e69fc49f4a3)] -> xpath: //body/div[@id='root']/div[1]/div[2]/main[1]/div[1]/div[1]/div[4]/div[1]/div[1]/div[1]/div[1]/div[1]/span[1]/div[1]/div[3]/div[1]/select[1]]] -> tag name: option]]]>
            </line>
            <line>
              <![CDATA[Trying to find Element By : By.xpath: //input[@id='searchKeyword']]]>
            </line>
            <line>
              <![CDATA[Found Element By : By.xpath: //input[@id='searchKeyword']]]>
            </line>
            <line>
              <![CDATA[Trying to find Element By : By.xpath: //span[contains(text(),'Test_Loan_11')]]]>
            </line>
            <line>
              <![CDATA[Found Element By : By.xpath: //span[contains(text(),'Test_Loan_11')]]]>
            </line>
            <line>
              <![CDATA[Trying to find Element By : By.xpath: //div[@class='tab-pane active']//div//div//div//div//table//tbody//tr]]>
            </line>
            <line>
              <![CDATA[Found Element By : By.xpath: //div[@class='tab-pane active']//div//div//div//div//table//tbody//tr]]>
            </line>
            <line>
              <![CDATA[Trying to find Element By : By.xpath: //div[@class='tab-pane active']//div//div//div//div//table//tbody//tr//th]]>
            </line>
            <line>
              <![CDATA[Found Element By : By.xpath: //div[@class='tab-pane active']//div//div//div//div//table//tbody//tr//th]]>
            </line>
            <line>
              <![CDATA[Trying to find Element By : By.xpath: //div[@class='tab-pane active']//div//div//div//div//table//tbody//tr//th]]>
            </line>
            <line>
              <![CDATA[Found Element By : By.xpath: //div[@class='tab-pane active']//div//div//div//div//table//tbody//tr//th]]>
            </line>
            <line>
              <![CDATA[Trying to find Element By : By.xpath: //div[@class='tab-pane active']//div//div//div//div//table//tbody//tr//th]]>
            </line>
            <line>
              <![CDATA[Found Element By : By.xpath: //div[@class='tab-pane active']//div//div//div//div//table//tbody//tr//th]]>
            </line>
            <line>
              <![CDATA[Trying to find Element By : By.xpath: //div[@class='tab-pane active']//div//div//div//div//table//tbody//tr//th]]>
            </line>
            <line>
              <![CDATA[Found Element By : By.xpath: //div[@class='tab-pane active']//div//div//div//div//table//tbody//tr//th]]>
            </line>
            <line>
              <![CDATA[Trying to find Element By : By.xpath: //div[@class='tab-pane active']//div//div//div//div//table//tbody//tr//td]]>
            </line>
            <line>
              <![CDATA[Found Element By : By.xpath: //div[@class='tab-pane active']//div//div//div//div//table//tbody//tr//td]]>
            </line>
            <line>
              <![CDATA[Trying to find Element By : By.xpath: //div[@class='tab-pane active']//div//div//div//div//table//tbody//tr//th]]>
            </line>
            <line>
              <![CDATA[Found Element By : By.xpath: //div[@class='tab-pane active']//div//div//div//div//table//tbody//tr//th]]>
            </line>
            <line>
              <![CDATA[Trying to find Element By : By.xpath: //div[@class='tab-pane active']//div//div//div//div//table//tbody//tr//th]]>
            </line>
            <line>
              <![CDATA[Found Element By : By.xpath: //div[@class='tab-pane active']//div//div//div//div//table//tbody//tr//th]]>
            </line>
            <line>
              <![CDATA[Trying to find Element By : By.xpath: //div[@class='tab-pane active']//div//div//div//div//table//tbody//tr//th]]>
            </line>
            <line>
              <![CDATA[Found Element By : By.xpath: //div[@class='tab-pane active']//div//div//div//div//table//tbody//tr//th]]>
            </line>
            <line>
              <![CDATA[Trying to find Element By : By.xpath: //div[@class='tab-pane active']//div//div//div//div//table//tbody//tr//th]]>
            </line>
            <line>
              <![CDATA[Found Element By : By.xpath: //div[@class='tab-pane active']//div//div//div//div//table//tbody//tr//th]]>
            </line>
            <line>
              <![CDATA[Trying to find Element By : By.xpath: //div[@class='tab-pane active']//div//div//div//div//table//tbody//tr//td]]>
            </line>
            <line>
              <![CDATA[Found Element By : By.xpath: //div[@class='tab-pane active']//div//div//div//div//table//tbody//tr//td]]>
            </line>
            <line>
              <![CDATA[Trying to find Element By : By.xpath: //div[@class='tab-pane active']//div//div//div//div//table//tbody//tr//th]]>
            </line>
            <line>
              <![CDATA[Found Element By : By.xpath: //div[@class='tab-pane active']//div//div//div//div//table//tbody//tr//th]]>
            </line>
          </reporter-output>
        </test-method> <!-- porFolioPageTest -->
        <test-method is-config="true" signature="tearDown()[pri:0, instance:testcasae.TC002_CheckData@740cae06]" started-at="2021-11-26T15:33:27Z" name="tearDown" finished-at="2021-11-26T15:33:27Z" duration-ms="290" status="PASS">
          <reporter-output>
          </reporter-output>
        </test-method> <!-- tearDown -->
      </class> <!-- testcasae.TC002_CheckData -->
    </test> <!-- Test -->
  </suite> <!-- Suite -->
</testng-results>
